 Activating environment at `~/.julia/dev/DecisionTree/Project.toml`
┌ LogLevel(-500):  Branch (108+174=282 samples) on condition: ⟨⟩ (V36 ⫺₈₀ 0.04458811779644085), purity -0.6188787528541174
└ @ DecisionTree.treeclassifier ~/.julia/dev/DecisionTree/src/modal-classification/tree.jl:294
┌ LogLevel(-500):  Branch (99+75=174 samples) on condition: V13 ⫺₈₀ 0.601930027347899, purity -0.5531892030027596
└ @ DecisionTree.treeclassifier ~/.julia/dev/DecisionTree/src/modal-classification/tree.jl:294
┌ LogLevel(-500):  Branch (64+11=75 samples) on condition: ⟨E⟩ (V27 ⫺₈₀ 3.2825505140603335), purity -0.5299937062871425
└ @ DecisionTree.treeclassifier ~/.julia/dev/DecisionTree/src/modal-classification/tree.jl:294
┌ LogLevel(-500):  Branch (33+31=64 samples) on condition: V19 ⫹₈₀ 0.586315954326753, purity -0.39330599337849625
└ @ DecisionTree.treeclassifier ~/.julia/dev/DecisionTree/src/modal-classification/tree.jl:294
┌ LogLevel(-500):  Branch (12+19=31 samples) on condition: ⟨L̅⟩ (V10 ⫺₈₀ 0.7192351921034986), purity -0.4033577343006183
└ @ DecisionTree.treeclassifier ~/.julia/dev/DecisionTree/src/modal-classification/tree.jl:294
┌ LogLevel(-500):  Branch (8+11=19 samples) on condition: ⟨B̅⟩ (V38 ⫹₈₀ 0.0001352431876433484), purity -0.37948944804817486
└ @ DecisionTree.treeclassifier ~/.julia/dev/DecisionTree/src/modal-classification/tree.jl:294
┌ LogLevel(-500):  Branch (4+7=11 samples) on condition: ⟨D⟩ (V14 ⫺₈₀ 1.149243951272699), purity -0.0
└ @ DecisionTree.treeclassifier ~/.julia/dev/DecisionTree/src/modal-classification/tree.jl:294
┌ LogLevel(-500):  Branch (105+177=282 samples) on condition: ⟨⟩ (V48 ⫺₈₀ 0.05543164795735502), purity -0.6208842010232747
└ @ DecisionTree.treeclassifier ~/.julia/dev/DecisionTree/src/modal-classification/tree.jl:294
┌ LogLevel(-500):  Branch (87+90=177 samples) on condition: V19 ⫺₈₀ 0.5800882546885471, purity -0.5451094738530881
└ @ DecisionTree.treeclassifier ~/.julia/dev/DecisionTree/src/modal-classification/tree.jl:294
┌ LogLevel(-500):  Branch (78+12=90 samples) on condition: ⟨B⟩ (V39 ⫺₈₀ 4.281481679778438), purity -0.5590287314525629
└ @ DecisionTree.treeclassifier ~/.julia/dev/DecisionTree/src/modal-classification/tree.jl:294
┌ LogLevel(-500):  Branch (45+33=78 samples) on condition: V27 ⫹₈₀ 0.4761242998381368, purity -0.47054374188032366
└ @ DecisionTree.treeclassifier ~/.julia/dev/DecisionTree/src/modal-classification/tree.jl:294
┌ LogLevel(-500):  Branch (27+6=33 samples) on condition: ⟨L⟩ (V41 ⫺₈₀ 0.8572583827971237), purity -0.3920446013958612
└ @ DecisionTree.treeclassifier ~/.julia/dev/DecisionTree/src/modal-classification/tree.jl:294
┌ LogLevel(-500):  Branch (104+178=282 samples) on condition: ⟨⟩ (V17 ⫺₈₀ 0.008631255761140459), purity -0.6291016640365822
└ @ DecisionTree.treeclassifier ~/.julia/dev/DecisionTree/src/modal-classification/tree.jl:294
┌ LogLevel(-500):  Branch (130+48=178 samples) on condition: ⟨B⟩ (V2 ⫹₈₀ 0.00011649244668970944), purity -0.5949731049266712
└ @ DecisionTree.treeclassifier ~/.julia/dev/DecisionTree/src/modal-classification/tree.jl:294
┌ LogLevel(-500):  Branch (22+26=48 samples) on condition: ⟨B̅⟩ (V2 ⫺₈₀ 0.0005787885861561465), purity -0.44565004759318033
└ @ DecisionTree.treeclassifier ~/.julia/dev/DecisionTree/src/modal-classification/tree.jl:294
┌ LogLevel(-500):  Branch (6+20=26 samples) on condition: ⟨L⟩ (V14 ⫺₈₀ 0.02831709057437241), purity -0.38492494118322135
└ @ DecisionTree.treeclassifier ~/.julia/dev/DecisionTree/src/modal-classification/tree.jl:294
┌ LogLevel(-500):  Branch (102+180=282 samples) on condition: ⟨⟩ (V34 ⫺₈₀ 0.005254704669981703), purity -0.628497943713393
└ @ DecisionTree.treeclassifier ~/.julia/dev/DecisionTree/src/modal-classification/tree.jl:294
┌ LogLevel(-500):  Branch (162+18=180 samples) on condition: ⟨L̅⟩ (V1 ⫺₈₀ 0.43160994051851537), purity -0.5731036276605903
└ @ DecisionTree.treeclassifier ~/.julia/dev/DecisionTree/src/modal-classification/tree.jl:294
┌ LogLevel(-500):  Branch (49+113=162 samples) on condition: ⟨B̅⟩ (V21 ⫹₈₀ 0.0072623793627431465), purity -0.5414679034821852
└ @ DecisionTree.treeclassifier ~/.julia/dev/DecisionTree/src/modal-classification/tree.jl:294
┌ LogLevel(-500):  Branch (41+8=49 samples) on condition: ⟨E⟩ (V21 ⫹₈₀ 7.826194578617757e-5), purity -0.5226609551626722
└ @ DecisionTree.treeclassifier ~/.julia/dev/DecisionTree/src/modal-classification/tree.jl:294
┌ LogLevel(-500):  Branch (15+26=41 samples) on condition: ⟨L̅⟩ (V26 ⫹₈₀ 0.000498879197643363), purity -0.3841378358624256
└ @ DecisionTree.treeclassifier ~/.julia/dev/DecisionTree/src/modal-classification/tree.jl:294
┌ LogLevel(-500):  Branch (113+169=282 samples) on condition: ⟨⟩ (V37 ⫺₈₀ 0.023027655130685647), purity -0.6231048769297245
└ @ DecisionTree.treeclassifier ~/.julia/dev/DecisionTree/src/modal-classification/tree.jl:294
┌ LogLevel(-500):  Branch (27+142=169 samples) on condition: V40 ⫹₈₀ 0.12002602828363325, purity -0.5585509733199181
└ @ DecisionTree.treeclassifier ~/.julia/dev/DecisionTree/src/modal-classification/tree.jl:294
┌ LogLevel(-500):  Branch (112+170=282 samples) on condition: ⟨⟩ (V54 ⫺₈₀ 0.022629931693576178), purity -0.6199934277374295
└ @ DecisionTree.treeclassifier ~/.julia/dev/DecisionTree/src/modal-classification/tree.jl:294
┌ LogLevel(-500):  Branch (124+46=170 samples) on condition: ⟨O̅⟩ (V37 ⫹₈₀ 0.022173568532659463), purity -0.5324099926377783
└ @ DecisionTree.treeclassifier ~/.julia/dev/DecisionTree/src/modal-classification/tree.jl:294
┌ LogLevel(-500):  Branch (80+44=124 samples) on condition: ⟨L⟩ (V59 ⫺₈₀ 0.5588873749559617), purity -0.614745140937398
└ @ DecisionTree.treeclassifier ~/.julia/dev/DecisionTree/src/modal-classification/tree.jl:294
┌ LogLevel(-500):  Branch (71+9=80 samples) on condition: ⟨D̅⟩ (V2 ⫺₈₀ 0.015224983059526782), purity -0.5417199634015906
└ @ DecisionTree.treeclassifier ~/.julia/dev/DecisionTree/src/modal-classification/tree.jl:294
┌ LogLevel(-500):  Branch (97+185=282 samples) on condition: ⟨⟩ (V18 ⫺₈₀ 5.1379744437984155e-5), purity -0.6296139197798157
└ @ DecisionTree.treeclassifier ~/.julia/dev/DecisionTree/src/modal-classification/tree.jl:294
┌ LogLevel(-500):  Branch (66+119=185 samples) on condition: V20 ⫹₈₀ 5.017063713814018e-5, purity -0.5577514899061853
└ @ DecisionTree.treeclassifier ~/.julia/dev/DecisionTree/src/modal-classification/tree.jl:294
┌ LogLevel(-500):  Branch (33+33=66 samples) on condition: ⟨D⟩ (V7 ⫹₈₀ 1.4091976081894248e-5), purity -0.5291711800611556
└ @ DecisionTree.treeclassifier ~/.julia/dev/DecisionTree/src/modal-classification/tree.jl:294
┌ LogLevel(-500):  Branch (12+21=33 samples) on condition: ⟨D⟩ (V4 ⫹₈₀ 0.000327097376848645), purity -0.5131241388054709
└ @ DecisionTree.treeclassifier ~/.julia/dev/DecisionTree/src/modal-classification/tree.jl:294
┌ LogLevel(-500):  Branch (98+184=282 samples) on condition: ⟨⟩ (V31 ⫺₈₀ 0.0002722375727059197), purity -0.6271509622833988
└ @ DecisionTree.treeclassifier ~/.julia/dev/DecisionTree/src/modal-classification/tree.jl:294
┌ LogLevel(-500):  Branch (74+110=184 samples) on condition: V38 ⫹₈₀ 0.000173257513001086, purity -0.5659013747983974
└ @ DecisionTree.treeclassifier ~/.julia/dev/DecisionTree/src/modal-classification/tree.jl:294
┌ LogLevel(-500):  Branch (43+31=74 samples) on condition: ⟨O⟩ (V32 ⫹₈₀ 4.909905252966422e-5), purity -0.49016483845433606
└ @ DecisionTree.treeclassifier ~/.julia/dev/DecisionTree/src/modal-classification/tree.jl:294
┌ LogLevel(-500):  Branch (30+13=43 samples) on condition: ⟨D̅⟩ (V24 ⫹₈₀ 0.00039240785979958906), purity -0.47737099892811635
└ @ DecisionTree.treeclassifier ~/.julia/dev/DecisionTree/src/modal-classification/tree.jl:294
┌ LogLevel(-500):  Branch (25+5=30 samples) on condition: ⟨A⟩ (V40 ⫹₈₀ 1.5116753400686893e-6), purity -0.5223912146436882
└ @ DecisionTree.treeclassifier ~/.julia/dev/DecisionTree/src/modal-classification/tree.jl:294
┌ LogLevel(-500):  Branch (15+10=25 samples) on condition: ⟨A⟩ (V34 ⫹₈₀ 0.0001362935811926584), purity -0.41455398558829093
└ @ DecisionTree.treeclassifier ~/.julia/dev/DecisionTree/src/modal-classification/tree.jl:294
┌ LogLevel(-500):  Branch (9+6=15 samples) on condition: ⟨B⟩ (V32 ⫹₈₀ 0.00024114670698221612), purity -0.31782371943459276
└ @ DecisionTree.treeclassifier ~/.julia/dev/DecisionTree/src/modal-classification/tree.jl:294
┌ LogLevel(-500):  Branch (99+183=282 samples) on condition: ⟨⟩ (V36 ⫺₈₀ 0.04458811779644085), purity -0.6408203656755874
└ @ DecisionTree.treeclassifier ~/.julia/dev/DecisionTree/src/modal-classification/tree.jl:294
┌ LogLevel(-500):  Branch (123+60=183 samples) on condition: ⟨E̅⟩ (V25 ⫹₈₀ 0.04941126771140244), purity -0.5719149048570368
└ @ DecisionTree.treeclassifier ~/.julia/dev/DecisionTree/src/modal-classification/tree.jl:294
┌ LogLevel(-500):  Branch (31+92=123 samples) on condition: V39 ⫹₈₀ 0.3649506241118163, purity -0.6009600946775003
└ @ DecisionTree.treeclassifier ~/.julia/dev/DecisionTree/src/modal-classification/tree.jl:294
┌ LogLevel(-500):  Branch (24+68=92 samples) on condition: V19 ⫹₈₀ 0.24826960462005293, purity -0.5845546979483002
└ @ DecisionTree.treeclassifier ~/.julia/dev/DecisionTree/src/modal-classification/tree.jl:294
┌ LogLevel(-500):  Branch (70+212=282 samples) on condition: ⟨⟩ (V58 ⫺₈₀ 6.191568364462263e-6), purity -0.642380055382546
└ @ DecisionTree.treeclassifier ~/.julia/dev/DecisionTree/src/modal-classification/tree.jl:294
┌ LogLevel(-500):  Branch (26+186=212 samples) on condition: ⟨L̅⟩ (V18 ⫹₈₀ 0.041599990766970345), purity -0.5949228374352339
└ @ DecisionTree.treeclassifier ~/.julia/dev/DecisionTree/src/modal-classification/tree.jl:294
┌ LogLevel(-500):  Branch (132+54=186 samples) on condition: ⟨E⟩ (V9 ⫹₈₀ 1.5147759676470199e-5), purity -0.5762478312767718
└ @ DecisionTree.treeclassifier ~/.julia/dev/DecisionTree/src/modal-classification/tree.jl:294
┌ LogLevel(-500):  Branch (15+117=132 samples) on condition: ⟨B̅⟩ (V1 ⫺₈₀ 1.1314873348326464e-6), purity -0.6147001339168257
└ @ DecisionTree.treeclassifier ~/.julia/dev/DecisionTree/src/modal-classification/tree.jl:294
┌ LogLevel(-500):  Branch (89+28=117 samples) on condition: ⟨L⟩ (V3 ⫺₈₀ 0.1413195396894271), purity -0.5865959052562439
└ @ DecisionTree.treeclassifier ~/.julia/dev/DecisionTree/src/modal-classification/tree.jl:294
┌ LogLevel(-500):  Branch (75+207=282 samples) on condition: ⟨⟩ (V19 ⫺₈₀ 1.4222859578683853e-5), purity -0.6524890232882322
└ @ DecisionTree.treeclassifier ~/.julia/dev/DecisionTree/src/modal-classification/tree.jl:294
┌ LogLevel(-500):  Branch (150+57=207 samples) on condition: ⟨D̅⟩ (V19 ⫺₈₀ 0.16354214099720552), purity -0.6362523735927718
└ @ DecisionTree.treeclassifier ~/.julia/dev/DecisionTree/src/modal-classification/tree.jl:294
┌ LogLevel(-500):  Branch (117+33=150 samples) on condition: ⟨D⟩ (V3 ⫺₈₀ 0.9717887505714435), purity -0.5613923480881708
└ @ DecisionTree.treeclassifier ~/.julia/dev/DecisionTree/src/modal-classification/tree.jl:294
┌ LogLevel(-500):  Branch (12+21=33 samples) on condition: ⟨L⟩ (V14 ⫺₈₀ 0.04900835126269385), purity -0.44037188671119226
└ @ DecisionTree.treeclassifier ~/.julia/dev/DecisionTree/src/modal-classification/tree.jl:294
┌ LogLevel(-500):  Branch (11+10=21 samples) on condition: ⟨A̅⟩ (V4 ⫹₈₀ 0.0006414968575576622), purity -0.15957128908769605
└ @ DecisionTree.treeclassifier ~/.julia/dev/DecisionTree/src/modal-classification/tree.jl:294
┌ LogLevel(-500):  Branch (16+41=57 samples) on condition: ⟨B̅⟩ (V14 ⫹₈₀ 0.3678372319103562), purity -0.5128690383674565
└ @ DecisionTree.treeclassifier ~/.julia/dev/DecisionTree/src/modal-classification/tree.jl:294
┌ LogLevel(-500):  Branch (76+206=282 samples) on condition: ⟨⟩ (V37 ⫺₈₀ 1.8262714579671973e-5), purity -0.6504534456073904
└ @ DecisionTree.treeclassifier ~/.julia/dev/DecisionTree/src/modal-classification/tree.jl:294
┌ LogLevel(-500):  Branch (83+123=206 samples) on condition: ⟨E⟩ (V38 ⫺₈₀ 0.1615165529037105), purity -0.6221673873408469
└ @ DecisionTree.treeclassifier ~/.julia/dev/DecisionTree/src/modal-classification/tree.jl:294
┌ LogLevel(-500):  Branch (70+53=123 samples) on condition: ⟨A⟩ (V4 ⫺₈₀ 0.3337768910374888), purity -0.5909712092005259
└ @ DecisionTree.treeclassifier ~/.julia/dev/DecisionTree/src/modal-classification/tree.jl:294
┌ LogLevel(-500):  Branch (8+62=70 samples) on condition: ⟨D̅⟩ (V9 ⫺₈₀ 0.009843067134650722), purity -0.5202556140596516
└ @ DecisionTree.treeclassifier ~/.julia/dev/DecisionTree/src/modal-classification/tree.jl:294
┌ LogLevel(-500):  Branch (79+203=282 samples) on condition: ⟨⟩ (V38 ⫺₈₀ 3.004327731539876e-5), purity -0.6387277686771782
└ @ DecisionTree.treeclassifier ~/.julia/dev/DecisionTree/src/modal-classification/tree.jl:294
┌ LogLevel(-500):  Branch (122+81=203 samples) on condition: ⟨L̅⟩ (V40 ⫹₈₀ 8.125574515977368e-6), purity -0.6135727195915578
└ @ DecisionTree.treeclassifier ~/.julia/dev/DecisionTree/src/modal-classification/tree.jl:294
┌ LogLevel(-500):  Branch (23+99=122 samples) on condition: ⟨D⟩ (V9 ⫹₈₀ 0.010902453483252564), purity -0.613149979476997
└ @ DecisionTree.treeclassifier ~/.julia/dev/DecisionTree/src/modal-classification/tree.jl:294
┌ LogLevel(-500):  Branch (28+71=99 samples) on condition: ⟨E̅⟩ (V40 ⫺₈₀ 0.0008713895556160106), purity -0.6107236346395032
└ @ DecisionTree.treeclassifier ~/.julia/dev/DecisionTree/src/modal-classification/tree.jl:294
┌ LogLevel(-500):  Branch (45+26=71 samples) on condition: V32 ⫺₈₀ 0.018139474214869455, purity -0.5461017733751089
└ @ DecisionTree.treeclassifier ~/.julia/dev/DecisionTree/src/modal-classification/tree.jl:294
┌ LogLevel(-500):  Branch (21+5=26 samples) on condition: ⟨O̅⟩ (V39 ⫹₈₀ 0.09956289330855814), purity -0.48321774462655387
└ @ DecisionTree.treeclassifier ~/.julia/dev/DecisionTree/src/modal-classification/tree.jl:294
┌ LogLevel(-500):  Branch (106+176=282 samples) on condition: ⟨⟩ (V54 ⫺₈₀ 0.022629931693576178), purity -0.6349824358229874
└ @ DecisionTree.treeclassifier ~/.julia/dev/DecisionTree/src/modal-classification/tree.jl:294
┌ LogLevel(-500):  Branch (102+74=176 samples) on condition: ⟨O̅⟩ (V37 ⫹₈₀ 0.054329186686891975), purity -0.5664398472669663
└ @ DecisionTree.treeclassifier ~/.julia/dev/DecisionTree/src/modal-classification/tree.jl:294
┌ LogLevel(-500):  Branch (30+72=102 samples) on condition: ⟨E⟩ (V13 ⫹₈₀ 0.7746771539124421), purity -0.6090902309542502
└ @ DecisionTree.treeclassifier ~/.julia/dev/DecisionTree/src/modal-classification/tree.jl:294
┌ LogLevel(-500):  Branch (65+7=72 samples) on condition: ⟨A⟩ (V46 ⫺₈₀ 3.475971697175524), purity -0.5187902384816938
└ @ DecisionTree.treeclassifier ~/.julia/dev/DecisionTree/src/modal-classification/tree.jl:294
┌ LogLevel(-500):  Branch (80+202=282 samples) on condition: ⟨⟩ (V18 ⫺₈₀ 1.0647069074427218e-5), purity -0.6470657370808884
└ @ DecisionTree.treeclassifier ~/.julia/dev/DecisionTree/src/modal-classification/tree.jl:294
┌ LogLevel(-500):  Branch (137+65=202 samples) on condition: ⟨O⟩ (V2 ⫺₈₀ 0.14259425112427987), purity -0.6110510065554021
└ @ DecisionTree.treeclassifier ~/.julia/dev/DecisionTree/src/modal-classification/tree.jl:294
┌ LogLevel(-500):  Branch (25+40=65 samples) on condition: ⟨O̅⟩ (V4 ⫹₈₀ 0.013588409496319148), purity -0.42347003920836185
└ @ DecisionTree.treeclassifier ~/.julia/dev/DecisionTree/src/modal-classification/tree.jl:294
┌ LogLevel(-500):  Branch (9+31=40 samples) on condition: ⟨E̅⟩ (V4 ⫹₈₀ 0.012042986511473787), purity -0.5270642512477148
└ @ DecisionTree.treeclassifier ~/.julia/dev/DecisionTree/src/modal-classification/tree.jl:294
┌ LogLevel(-500):  Branch (11+20=31 samples) on condition: V1 ⫹₈₀ 0.0018036263905898348, purity -0.41770750905460147
└ @ DecisionTree.treeclassifier ~/.julia/dev/DecisionTree/src/modal-classification/tree.jl:294
┌ LogLevel(-500):  Branch (7+13=20 samples) on condition: ⟨E̅⟩ (V1 ⫺₈₀ 5.482459546818849e-6), purity -0.4486206894122226
└ @ DecisionTree.treeclassifier ~/.julia/dev/DecisionTree/src/modal-classification/tree.jl:294
┌ LogLevel(-500):  Branch (5+8=13 samples) on condition: ⟨O⟩ (V8 ⫹₈₀ 0.019363401520917853), purity -0.3460523966884973
└ @ DecisionTree.treeclassifier ~/.julia/dev/DecisionTree/src/modal-classification/tree.jl:294
┌ LogLevel(-500):  Branch (79+203=282 samples) on condition: ⟨⟩ (V37 ⫺₈₀ 6.061435539192513e-6), purity -0.6441000182127156
└ @ DecisionTree.treeclassifier ~/.julia/dev/DecisionTree/src/modal-classification/tree.jl:294
┌ LogLevel(-500):  Branch (142+61=203 samples) on condition: ⟨B̅⟩ (V4 ⫺₈₀ 0.16917468591347165), purity -0.6105222697150287
└ @ DecisionTree.treeclassifier ~/.julia/dev/DecisionTree/src/modal-classification/tree.jl:294
┌ LogLevel(-500):  Branch (85+57=142 samples) on condition: V31 ⫹₈₀ 1.829215357636296e-5, purity -0.4935049739118624
└ @ DecisionTree.treeclassifier ~/.julia/dev/DecisionTree/src/modal-classification/tree.jl:294
┌ LogLevel(-500):  Branch (50+7=57 samples) on condition: ⟨E̅⟩ (V39 ⫹₈₀ 2.294859855751141e-6), purity -0.5825123917229019
└ @ DecisionTree.treeclassifier ~/.julia/dev/DecisionTree/src/modal-classification/tree.jl:294
┌ LogLevel(-500):  Branch (38+12=50 samples) on condition: V22 ⫺₈₀ 0.00014982925026025342, purity -0.5267918572255585
└ @ DecisionTree.treeclassifier ~/.julia/dev/DecisionTree/src/modal-classification/tree.jl:294
┌ LogLevel(-500):  Branch (31+7=38 samples) on condition: ⟨L̅⟩ (V2 ⫺₈₀ 0.03604302710117903), purity -0.5444837615110834
└ @ DecisionTree.treeclassifier ~/.julia/dev/DecisionTree/src/modal-classification/tree.jl:294
┌ LogLevel(-500):  Branch (17+14=31 samples) on condition: V17 ⫺₈₀ 3.514607360903779e-5, purity -0.46881786166116857
└ @ DecisionTree.treeclassifier ~/.julia/dev/DecisionTree/src/modal-classification/tree.jl:294
┌ LogLevel(-500):  Branch (37+24=61 samples) on condition: ⟨B⟩ (V38 ⫹₈₀ 0.0035196600266981584), purity -0.4081829852604969
└ @ DecisionTree.treeclassifier ~/.julia/dev/DecisionTree/src/modal-classification/tree.jl:294
┌ LogLevel(-500):  Branch (4+20=24 samples) on condition: ⟨D̅⟩ (V34 ⫺₈₀ 0.0005628731006537368), purity -0.3522575731716589
└ @ DecisionTree.treeclassifier ~/.julia/dev/DecisionTree/src/modal-classification/tree.jl:294
┌ LogLevel(-500):  Branch (107+175=282 samples) on condition: ⟨⟩ (V36 ⫺₈₀ 0.04458811779644085), purity -0.6215069812303131
└ @ DecisionTree.treeclassifier ~/.julia/dev/DecisionTree/src/modal-classification/tree.jl:294
┌ LogLevel(-500):  Branch (94+81=175 samples) on condition: V13 ⫺₈₀ 0.5730317074967006, purity -0.5131170250187218
└ @ DecisionTree.treeclassifier ~/.julia/dev/DecisionTree/src/modal-classification/tree.jl:294
┌ LogLevel(-500):  Branch (68+13=81 samples) on condition: ⟨B⟩ (V27 ⫺₈₀ 4.321560770567164), purity -0.48516891405477786
└ @ DecisionTree.treeclassifier ~/.julia/dev/DecisionTree/src/modal-classification/tree.jl:294
┌ LogLevel(-500):  Branch (109+173=282 samples) on condition: ⟨⟩ (V54 ⫺₈₀ 0.037572913260747604), purity -0.622083247758694
└ @ DecisionTree.treeclassifier ~/.julia/dev/DecisionTree/src/modal-classification/tree.jl:294
┌ LogLevel(-500):  Branch (88+85=173 samples) on condition: ⟨L̅⟩ (V18 ⫺₈₀ 0.47962958345957524), purity -0.5245248472179573
└ @ DecisionTree.treeclassifier ~/.julia/dev/DecisionTree/src/modal-classification/tree.jl:294
┌ LogLevel(-500):  Branch (73+12=85 samples) on condition: ⟨A̅⟩ (V44 ⫺₈₀ 3.6759800650971997), purity -0.5351296701888795
└ @ DecisionTree.treeclassifier ~/.julia/dev/DecisionTree/src/modal-classification/tree.jl:294
┌ LogLevel(-500):  Branch (39+34=73 samples) on condition: ⟨D̅⟩ (V2 ⫹₈₀ 4.37297265883096e-6), purity -0.4277102970516877
└ @ DecisionTree.treeclassifier ~/.julia/dev/DecisionTree/src/modal-classification/tree.jl:294
┌ LogLevel(-500):  Branch (14+25=39 samples) on condition: ⟨L⟩ (V31 ⫺₈₀ 0.6254952401581914), purity -0.40183939587976014
└ @ DecisionTree.treeclassifier ~/.julia/dev/DecisionTree/src/modal-classification/tree.jl:294
┌ LogLevel(-500):  Branch (10+15=25 samples) on condition: ⟨D̅⟩ (V6 ⫺₈₀ 0.11027420938789523), purity -0.41455398558829093
└ @ DecisionTree.treeclassifier ~/.julia/dev/DecisionTree/src/modal-classification/tree.jl:294
┌ LogLevel(-500):  Branch (7+8=15 samples) on condition: ⟨D⟩ (V11 ⫺₈₀ 1.8597158376541487), purity -0.20094408600343291
└ @ DecisionTree.treeclassifier ~/.julia/dev/DecisionTree/src/modal-classification/tree.jl:294
┌ LogLevel(-500):  Branch (149+133=282 samples) on condition: ⟨⟩ (V16 ⫹₈₀ 5.495545171660594e-7), purity -0.6363121920431314
└ @ DecisionTree.treeclassifier ~/.julia/dev/DecisionTree/src/modal-classification/tree.jl:294
┌ LogLevel(-500):  Branch (71+78=149 samples) on condition: ⟨⟩ (V12 ⫺₈₀ 0.29189945174473925), purity -0.5793433715819847
└ @ DecisionTree.treeclassifier ~/.julia/dev/DecisionTree/src/modal-classification/tree.jl:294
┌ LogLevel(-500):  Branch (20+58=78 samples) on condition: ⟨A⟩ (V7 ⫹₈₀ 0.0467381522278193), purity -0.6019264180706309
└ @ DecisionTree.treeclassifier ~/.julia/dev/DecisionTree/src/modal-classification/tree.jl:294
┌ LogLevel(-500):  Branch (40+18=58 samples) on condition: V11 ⫹₈₀ 0.000846578096656787, purity -0.5094966986994016
└ @ DecisionTree.treeclassifier ~/.julia/dev/DecisionTree/src/modal-classification/tree.jl:294
┌ LogLevel(-500):  Branch (91+42=133 samples) on condition: ⟨B⟩ (V1 ⫺₈₀ 0.03590471390163625), purity -0.5505061094915505
└ @ DecisionTree.treeclassifier ~/.julia/dev/DecisionTree/src/modal-classification/tree.jl:294
┌ LogLevel(-500):  Branch (82+9=91 samples) on condition: V12 ⫺₈₀ 0.020255073198861915, purity -0.6243261114638445
└ @ DecisionTree.treeclassifier ~/.julia/dev/DecisionTree/src/modal-classification/tree.jl:294
┌ LogLevel(-500):  Branch (8+74=82 samples) on condition: ⟨A̅⟩ (V3 ⫺₈₀ 0.00041841722160223605), purity -0.6225534255561181
└ @ DecisionTree.treeclassifier ~/.julia/dev/DecisionTree/src/modal-classification/tree.jl:294
┌ LogLevel(-500):  Branch (62+12=74 samples) on condition: ⟨O⟩ (V9 ⫺₈₀ 0.15163306217906594), purity -0.5990417905951754
└ @ DecisionTree.treeclassifier ~/.julia/dev/DecisionTree/src/modal-classification/tree.jl:294
┌ LogLevel(-500):  Branch (12+50=62 samples) on condition: ⟨L̅⟩ (V2 ⫹₈₀ 0.0002150808207679178), purity -0.5564062568212896
└ @ DecisionTree.treeclassifier ~/.julia/dev/DecisionTree/src/modal-classification/tree.jl:294
┌ LogLevel(-500):  Branch (42+8=50 samples) on condition: ⟨L̅⟩ (V2 ⫺₈₀ 0.37514524533040416), purity -0.5474755113850289
└ @ DecisionTree.treeclassifier ~/.julia/dev/DecisionTree/src/modal-classification/tree.jl:294
┌ LogLevel(-500):  Branch (31+11=42 samples) on condition: ⟨L⟩ (V19 ⫺₈₀ 1.4222859578683853e-5), purity -0.5112245420635686
└ @ DecisionTree.treeclassifier ~/.julia/dev/DecisionTree/src/modal-classification/tree.jl:294
┌ LogLevel(-500):  Branch (7+24=31 samples) on condition: ⟨O̅⟩ (V3 ⫺₈₀ 0.000330449381107574), purity -0.49278516255082316
└ @ DecisionTree.treeclassifier ~/.julia/dev/DecisionTree/src/modal-classification/tree.jl:294
┌ LogLevel(-500):  Branch (14+10=24 samples) on condition: V15 ⫹₈₀ 0.00020079693356316538, purity -0.398363061075275
└ @ DecisionTree.treeclassifier ~/.julia/dev/DecisionTree/src/modal-classification/tree.jl:294
┌ LogLevel(-500):  Branch (7+7=14 samples) on condition: ⟨A⟩ (V17 ⫹₈₀ 3.2091700138020655e-8), purity -0.20505815914420444
└ @ DecisionTree.treeclassifier ~/.julia/dev/DecisionTree/src/modal-classification/tree.jl:294
┌ LogLevel(-500):  Branch (100+182=282 samples) on condition: ⟨⟩ (V34 ⫺₈₀ 0.005254704669981703), purity -0.6333402623825847
└ @ DecisionTree.treeclassifier ~/.julia/dev/DecisionTree/src/modal-classification/tree.jl:294
┌ LogLevel(-500):  Branch (104+78=182 samples) on condition: ⟨B⟩ (V4 ⫺₈₀ 0.5229257584899949), purity -0.5652918431051064
└ @ DecisionTree.treeclassifier ~/.julia/dev/DecisionTree/src/modal-classification/tree.jl:294
┌ LogLevel(-500):  Branch (68+10=78 samples) on condition: ⟨D̅⟩ (V20 ⫹₈₀ 0.005437994888792555), purity -0.528131153298932
└ @ DecisionTree.treeclassifier ~/.julia/dev/DecisionTree/src/modal-classification/tree.jl:294
┌ LogLevel(-500):  Branch (61+7=68 samples) on condition: ⟨O⟩ (V40 ⫹₈₀ 0.0015803632292228352), purity -0.4647252285881361
└ @ DecisionTree.treeclassifier ~/.julia/dev/DecisionTree/src/modal-classification/tree.jl:294
┌ LogLevel(-500):  Branch (114+168=282 samples) on condition: ⟨⟩ (V37 ⫺₈₀ 0.023027655130685647), purity -0.6204846206443426
└ @ DecisionTree.treeclassifier ~/.julia/dev/DecisionTree/src/modal-classification/tree.jl:294
┌ LogLevel(-500):  Branch (109+59=168 samples) on condition: ⟨B⟩ (V12 ⫺₈₀ 0.5608189970253608), purity -0.5114119217233926
└ @ DecisionTree.treeclassifier ~/.julia/dev/DecisionTree/src/modal-classification/tree.jl:294
┌ LogLevel(-500):  Branch (48+11=59 samples) on condition: ⟨L⟩ (V27 ⫺₈₀ 3.931789023007937), purity -0.36655827162004484
└ @ DecisionTree.treeclassifier ~/.julia/dev/DecisionTree/src/modal-classification/tree.jl:294
┌ LogLevel(-500):  Branch (110+172=282 samples) on condition: ⟨⟩ (V55 ⫺₈₀ 0.016836957217684512), purity -0.6194588025979711
└ @ DecisionTree.treeclassifier ~/.julia/dev/DecisionTree/src/modal-classification/tree.jl:294
┌ LogLevel(-500):  Branch (106+66=172 samples) on condition: ⟨B⟩ (V18 ⫺₈₀ 0.524588641535122), purity -0.5194216351936828
└ @ DecisionTree.treeclassifier ~/.julia/dev/DecisionTree/src/modal-classification/tree.jl:294
┌ LogLevel(-500):  Branch (56+10=66 samples) on condition: V46 ⫺₈₀ 6.056837337055989, purity -0.45975375847492755
└ @ DecisionTree.treeclassifier ~/.julia/dev/DecisionTree/src/modal-classification/tree.jl:294
┌ LogLevel(-500):  Branch (133+149=282 samples) on condition: ⟨⟩ (V15 ⫹₈₀ 1.072793679867276e-6), purity -0.6204705031454268
└ @ DecisionTree.treeclassifier ~/.julia/dev/DecisionTree/src/modal-classification/tree.jl:294
┌ LogLevel(-500):  Branch (88+45=133 samples) on condition: ⟨⟩ (V13 ⫺₈₀ 0.07122052319195825), purity -0.5345460030120003
└ @ DecisionTree.treeclassifier ~/.julia/dev/DecisionTree/src/modal-classification/tree.jl:294
┌ LogLevel(-500):  Branch (16+29=45 samples) on condition: V2 ⫹₈₀ 0.02853747893309599, purity -0.4982678683290728
└ @ DecisionTree.treeclassifier ~/.julia/dev/DecisionTree/src/modal-classification/tree.jl:294
┌ LogLevel(-500):  Branch (8+21=29 samples) on condition: ⟨L⟩ (V18 ⫹₈₀ 4.419357173580543e-5), purity -0.40091737841752
└ @ DecisionTree.treeclassifier ~/.julia/dev/DecisionTree/src/modal-classification/tree.jl:294
┌ LogLevel(-500):  Branch (111+38=149 samples) on condition: ⟨A̅⟩ (V1 ⫺₈₀ 0.04619840864334242), purity -0.5579897549531347
└ @ DecisionTree.treeclassifier ~/.julia/dev/DecisionTree/src/modal-classification/tree.jl:294
┌ LogLevel(-500):  Branch (25+86=111 samples) on condition: ⟨A̅⟩ (V16 ⫺₈₀ 2.2376721658113113e-7), purity -0.5996093145199222
└ @ DecisionTree.treeclassifier ~/.julia/dev/DecisionTree/src/modal-classification/tree.jl:294
┌ LogLevel(-500):  Branch (77+9=86 samples) on condition: V9 ⫺₈₀ 0.22014068047482066, purity -0.6114409774643762
└ @ DecisionTree.treeclassifier ~/.julia/dev/DecisionTree/src/modal-classification/tree.jl:294
┌ LogLevel(-500):  Branch (29+48=77 samples) on condition: ⟨O̅⟩ (V2 ⫹₈₀ 1.957292109923769e-5), purity -0.5695614916004134
└ @ DecisionTree.treeclassifier ~/.julia/dev/DecisionTree/src/modal-classification/tree.jl:294
┌ LogLevel(-500):  Branch (14+34=48 samples) on condition: ⟨E⟩ (V7 ⫺₈₀ 0.0003092853034968636), purity -0.5380069429745723
└ @ DecisionTree.treeclassifier ~/.julia/dev/DecisionTree/src/modal-classification/tree.jl:294
┌ LogLevel(-500):  Branch (134+148=282 samples) on condition: ⟨⟩ (V40 ⫹₈₀ 4.2500895684145746e-8), purity -0.6176913210327424
└ @ DecisionTree.treeclassifier ~/.julia/dev/DecisionTree/src/modal-classification/tree.jl:294
┌ LogLevel(-500):  Branch (106+28=134 samples) on condition: ⟨⟩ (V16 ⫺₈₀ 0.4957522385016284), purity -0.5249744810949829
└ @ DecisionTree.treeclassifier ~/.julia/dev/DecisionTree/src/modal-classification/tree.jl:294
┌ LogLevel(-500):  Branch (16+12=28 samples) on condition: ⟨O̅⟩ (V1 ⫺₈₀ 0.0001883690340463308), purity -0.24100077626520355
└ @ DecisionTree.treeclassifier ~/.julia/dev/DecisionTree/src/modal-classification/tree.jl:294
┌ LogLevel(-500):  Branch (100+48=148 samples) on condition: ⟨A̅⟩ (V3 ⫺₈₀ 0.050430532019472195), purity -0.5392904029942391
└ @ DecisionTree.treeclassifier ~/.julia/dev/DecisionTree/src/modal-classification/tree.jl:294
┌ LogLevel(-500):  Branch (18+82=100 samples) on condition: ⟨E̅⟩ (V17 ⫺₈₀ 6.495858279254642e-5), purity -0.6060253389496474
└ @ DecisionTree.treeclassifier ~/.julia/dev/DecisionTree/src/modal-classification/tree.jl:294
┌ LogLevel(-500):  Branch (24+58=82 samples) on condition: V13 ⫺₈₀ 0.00047831073964329184, purity -0.5469612712806339
└ @ DecisionTree.treeclassifier ~/.julia/dev/DecisionTree/src/modal-classification/tree.jl:294
┌ LogLevel(-500):  Branch (36+22=58 samples) on condition: ⟨O⟩ (V5 ⫺₈₀ 0.0010450739655773601), purity -0.5169140247094755
└ @ DecisionTree.treeclassifier ~/.julia/dev/DecisionTree/src/modal-classification/tree.jl:294
┌ LogLevel(-500):  Branch (6+16=22 samples) on condition: ⟨B⟩ (V8 ⫺₈₀ 0.00600016561607571), purity -0.3968949924227647
└ @ DecisionTree.treeclassifier ~/.julia/dev/DecisionTree/src/modal-classification/tree.jl:294
┌ LogLevel(-500):  Branch (107+175=282 samples) on condition: ⟨⟩ (V36 ⫺₈₀ 0.04692005660476795), purity -0.6271844036344898
└ @ DecisionTree.treeclassifier ~/.julia/dev/DecisionTree/src/modal-classification/tree.jl:294
┌ LogLevel(-500):  Branch (74+101=175 samples) on condition: ⟨E̅⟩ (V19 ⫹₈₀ 0.22635613842206473), purity -0.5420315464164439
└ @ DecisionTree.treeclassifier ~/.julia/dev/DecisionTree/src/modal-classification/tree.jl:294
┌ LogLevel(-500):  Branch (67+7=74 samples) on condition: V36 ⫹₈₀ 0.05078594653529455, purity -0.5629990549797897
└ @ DecisionTree.treeclassifier ~/.julia/dev/DecisionTree/src/modal-classification/tree.jl:294
┌ LogLevel(-500):  Branch (15+52=67 samples) on condition: ⟨E̅⟩ (V30 ⫹₈₀ 2.4118527774840257), purity -0.509782478203937
└ @ DecisionTree.treeclassifier ~/.julia/dev/DecisionTree/src/modal-classification/tree.jl:294
┌ LogLevel(-500):  Branch (109+173=282 samples) on condition: ⟨⟩ (V54 ⫺₈₀ 0.04682820360494703), purity -0.6277087907725823
└ @ DecisionTree.treeclassifier ~/.julia/dev/DecisionTree/src/modal-classification/tree.jl:294
┌ LogLevel(-500):  Branch (63+110=173 samples) on condition: ⟨E̅⟩ (V27 ⫹₈₀ 0.33454016137735265), purity -0.5455915097845115
└ @ DecisionTree.treeclassifier ~/.julia/dev/DecisionTree/src/modal-classification/tree.jl:294
┌ LogLevel(-500):  Branch (19+44=63 samples) on condition: ⟨E⟩ (V44 ⫹₈₀ 1.0193466623240628), purity -0.5049599714590968
└ @ DecisionTree.treeclassifier ~/.julia/dev/DecisionTree/src/modal-classification/tree.jl:294
┌ LogLevel(-500):  Branch (103+179=282 samples) on condition: ⟨⟩ (V16 ⫺₈₀ 0.013912713085668948), purity -0.6418273336234257
└ @ DecisionTree.treeclassifier ~/.julia/dev/DecisionTree/src/modal-classification/tree.jl:294
┌ LogLevel(-500):  Branch (12+91=103 samples) on condition: ⟨⟩ (V1 ⫹₈₀ 3.851957362372863e-6), purity -0.5600872614426861
└ @ DecisionTree.treeclassifier ~/.julia/dev/DecisionTree/src/modal-classification/tree.jl:294
┌ LogLevel(-500):  Branch (56+35=91 samples) on condition: V1 ⫺₈₀ 2.6164679444859873e-6, purity -0.5301444456054244
└ @ DecisionTree.treeclassifier ~/.julia/dev/DecisionTree/src/modal-classification/tree.jl:294
┌ LogLevel(-500):  Branch (23+12=35 samples) on condition: V11 ⫺₈₀ 0.0005051480138675094, purity -0.5368716427855621
└ @ DecisionTree.treeclassifier ~/.julia/dev/DecisionTree/src/modal-classification/tree.jl:294
┌ LogLevel(-500):  Branch (93+86=179 samples) on condition: ⟨E⟩ (V2 ⫺₈₀ 0.3675747748034677), purity -0.5717596101076404
└ @ DecisionTree.treeclassifier ~/.julia/dev/DecisionTree/src/modal-classification/tree.jl:294
┌ LogLevel(-500):  Branch (30+56=86 samples) on condition: V20 ⫺₈₀ 0.06832594408297922, purity -0.555130269789398
└ @ DecisionTree.treeclassifier ~/.julia/dev/DecisionTree/src/modal-classification/tree.jl:294
┌ LogLevel(-500):  Branch (97+185=282 samples) on condition: ⟨⟩ (V34 ⫺₈₀ 0.005254704669981703), purity -0.6402611200065258
└ @ DecisionTree.treeclassifier ~/.julia/dev/DecisionTree/src/modal-classification/tree.jl:294
┌ LogLevel(-500):  Branch (101+84=185 samples) on condition: ⟨O⟩ (V4 ⫺₈₀ 0.244649286792256), purity -0.565687795503508
└ @ DecisionTree.treeclassifier ~/.julia/dev/DecisionTree/src/modal-classification/tree.jl:294
┌ LogLevel(-500):  Branch (32+52=84 samples) on condition: ⟨B⟩ (V38 ⫺₈₀ 0.11167723422706935), purity -0.511550094316428
└ @ DecisionTree.treeclassifier ~/.julia/dev/DecisionTree/src/modal-classification/tree.jl:294
┌ LogLevel(-500):  Branch (114+168=282 samples) on condition: ⟨⟩ (V37 ⫺₈₀ 0.023027655130685647), purity -0.6204846206443426
└ @ DecisionTree.treeclassifier ~/.julia/dev/DecisionTree/src/modal-classification/tree.jl:294
┌ LogLevel(-500):  Branch (112+56=168 samples) on condition: ⟨B⟩ (V12 ⫺₈₀ 0.5608189970253608), purity -0.5352385631487802
└ @ DecisionTree.treeclassifier ~/.julia/dev/DecisionTree/src/modal-classification/tree.jl:294
┌ LogLevel(-500):  Branch (43+13=56 samples) on condition: ⟨L̅⟩ (V26 ⫺₈₀ 2.6488370885352057), purity -0.40408953565285705
└ @ DecisionTree.treeclassifier ~/.julia/dev/DecisionTree/src/modal-classification/tree.jl:294
┌ LogLevel(-500):  Branch (113+169=282 samples) on condition: ⟨⟩ (V54 ⫺₈₀ 0.022629931693576178), purity -0.6173208066742916
└ @ DecisionTree.treeclassifier ~/.julia/dev/DecisionTree/src/modal-classification/tree.jl:294
┌ LogLevel(-500):  Branch (96+73=169 samples) on condition: ⟨O̅⟩ (V37 ⫹₈₀ 0.05899651447278562), purity -0.5291092441361456
└ @ DecisionTree.treeclassifier ~/.julia/dev/DecisionTree/src/modal-classification/tree.jl:294
┌ LogLevel(-500):  Branch (13+83=96 samples) on condition: ⟨B̅⟩ (V43 ⫺₈₀ 0.013045397962355099), purity -0.5764282738394357
└ @ DecisionTree.treeclassifier ~/.julia/dev/DecisionTree/src/modal-classification/tree.jl:294
┌ LogLevel(-500):  Branch (42+41=83 samples) on condition: ⟨E⟩ (V57 ⫹₈₀ 0.0049537991050325695), purity -0.5583941003580712
└ @ DecisionTree.treeclassifier ~/.julia/dev/DecisionTree/src/modal-classification/tree.jl:294
┌ LogLevel(-500):  Branch (6+35=41 samples) on condition: ⟨E̅⟩ (V25 ⫹₈₀ 0.7918717983213084), purity -0.5107179414752195
└ @ DecisionTree.treeclassifier ~/.julia/dev/DecisionTree/src/modal-classification/tree.jl:294
┌ LogLevel(-500):  Branch (87+195=282 samples) on condition: ⟨⟩ (V18 ⫺₈₀ 1.0647069074427218e-5), purity -0.6312273703116127
└ @ DecisionTree.treeclassifier ~/.julia/dev/DecisionTree/src/modal-classification/tree.jl:294
┌ LogLevel(-500):  Branch (133+62=195 samples) on condition: V20 ⫺₈₀ 0.06810185340152632, purity -0.5820524531287419
└ @ DecisionTree.treeclassifier ~/.julia/dev/DecisionTree/src/modal-classification/tree.jl:294
┌ LogLevel(-500):  Branch (28+34=62 samples) on condition: ⟨A⟩ (V2 ⫺₈₀ 0.1393649102880827), purity -0.5070417076486851
└ @ DecisionTree.treeclassifier ~/.julia/dev/DecisionTree/src/modal-classification/tree.jl:294
┌ LogLevel(-500):  Branch (16+12=28 samples) on condition: ⟨D̅⟩ (V5 ⫺₈₀ 0.012210832724427563), purity -0.3213343683536046
└ @ DecisionTree.treeclassifier ~/.julia/dev/DecisionTree/src/modal-classification/tree.jl:294
┌ LogLevel(-500):  Branch (97+185=282 samples) on condition: ⟨⟩ (V31 ⫺₈₀ 0.0002722375727059197), purity -0.6296139197798157
└ @ DecisionTree.treeclassifier ~/.julia/dev/DecisionTree/src/modal-classification/tree.jl:294
┌ LogLevel(-500):  Branch (67+118=185 samples) on condition: ⟨D̅⟩ (V40 ⫹₈₀ 0.0001148092320970911), purity -0.5398272653353033
└ @ DecisionTree.treeclassifier ~/.julia/dev/DecisionTree/src/modal-classification/tree.jl:294
┌ LogLevel(-500):  Branch (34+33=67 samples) on condition: ⟨L⟩ (V26 ⫺₈₀ 0.10788278453803615), purity -0.5009125052463714
└ @ DecisionTree.treeclassifier ~/.julia/dev/DecisionTree/src/modal-classification/tree.jl:294
┌ LogLevel(-500):  Branch (23+11=34 samples) on condition: ⟨D̅⟩ (V15 ⫺₈₀ 0.040974952139089194), purity -0.4156934225631397
└ @ DecisionTree.treeclassifier ~/.julia/dev/DecisionTree/src/modal-classification/tree.jl:294
┌ LogLevel(-500):  Branch (13+10=23 samples) on condition: ⟨E̅⟩ (V10 ⫹₈₀ 0.00038498839720974395), purity -0.2655931748064756
└ @ DecisionTree.treeclassifier ~/.julia/dev/DecisionTree/src/modal-classification/tree.jl:294
┌ LogLevel(-500):  Branch (7+3=10 samples) on condition: ⟨O̅⟩ (V32 ⫺₈₀ 0.0013383024111049263), purity -0.0
└ @ DecisionTree.treeclassifier ~/.julia/dev/DecisionTree/src/modal-classification/tree.jl:294
┌ LogLevel(-500):  Branch (92+190=282 samples) on condition: ⟨⟩ (V38 ⫺₈₀ 3.004327731539876e-5), purity -0.6055820978070098
└ @ DecisionTree.treeclassifier ~/.julia/dev/DecisionTree/src/modal-classification/tree.jl:294
┌ LogLevel(-500):  Branch (105+85=190 samples) on condition: ⟨A̅⟩ (V12 ⫺₈₀ 0.6157161036525435), purity -0.575418842126553
└ @ DecisionTree.treeclassifier ~/.julia/dev/DecisionTree/src/modal-classification/tree.jl:294
┌ LogLevel(-500):  Branch (74+11=85 samples) on condition: ⟨L̅⟩ (V28 ⫺₈₀ 5.1233761692279955), purity -0.5643842162937797
└ @ DecisionTree.treeclassifier ~/.julia/dev/DecisionTree/src/modal-classification/tree.jl:294
┌ LogLevel(-500):  Branch (51+23=74 samples) on condition: ⟨L̅⟩ (V33 ⫺₈₀ 1.1614365066140857), purity -0.5331639817724936
└ @ DecisionTree.treeclassifier ~/.julia/dev/DecisionTree/src/modal-classification/tree.jl:294
┌ LogLevel(-500):  Branch (41+10=51 samples) on condition: ⟨B̅⟩ (V23 ⫺₈₀ 1.1350501125942518), purity -0.5377086187712765
└ @ DecisionTree.treeclassifier ~/.julia/dev/DecisionTree/src/modal-classification/tree.jl:294
┌ LogLevel(-500):  Branch (36+5=41 samples) on condition: ⟨L⟩ (V4 ⫺₈₀ 0.7126757188567218), purity -0.5404375161447041
└ @ DecisionTree.treeclassifier ~/.julia/dev/DecisionTree/src/modal-classification/tree.jl:294
┌ LogLevel(-500):  Branch (22+14=36 samples) on condition: ⟨L̅⟩ (V1 ⫺₈₀ 0.0042425945390726465), purity -0.42358994367552216
└ @ DecisionTree.treeclassifier ~/.julia/dev/DecisionTree/src/modal-classification/tree.jl:294
┌ LogLevel(-500):  Branch (7+15=22 samples) on condition: ⟨B̅⟩ (V12 ⫹₈₀ 0.0), purity -0.3953967077850687
└ @ DecisionTree.treeclassifier ~/.julia/dev/DecisionTree/src/modal-classification/tree.jl:294
┌ LogLevel(-500):  Branch (64+218=282 samples) on condition: ⟨⟩ (V48 ⫺₈₀ 9.466492676714648e-6), purity -0.6024518551534153
└ @ DecisionTree.treeclassifier ~/.julia/dev/DecisionTree/src/modal-classification/tree.jl:294
┌ LogLevel(-500):  Branch (80+138=218 samples) on condition: ⟨E̅⟩ (V38 ⫹₈₀ 0.039430070892512374), purity -0.608332259815271
└ @ DecisionTree.treeclassifier ~/.julia/dev/DecisionTree/src/modal-classification/tree.jl:294
┌ LogLevel(-500):  Branch (72+8=80 samples) on condition: ⟨L̅⟩ (V4 ⫹₈₀ 9.686221019438227e-9), purity -0.5638049874420606
└ @ DecisionTree.treeclassifier ~/.julia/dev/DecisionTree/src/modal-classification/tree.jl:294
┌ LogLevel(-500):  Branch (65+7=72 samples) on condition: ⟨E⟩ (V45 ⫺₈₀ 4.05289404104668), purity -0.5038133108327665
└ @ DecisionTree.treeclassifier ~/.julia/dev/DecisionTree/src/modal-classification/tree.jl:294
┌ LogLevel(-500):  Branch (106+176=282 samples) on condition: ⟨⟩ (V17 ⫺₈₀ 0.0070387561297587595), purity -0.6182510510135246
└ @ DecisionTree.treeclassifier ~/.julia/dev/DecisionTree/src/modal-classification/tree.jl:294
┌ LogLevel(-500):  Branch (162+14=176 samples) on condition: ⟨D̅⟩ (V16 ⫹₈₀ 0.0002365405319022372), purity -0.5846536883712762
└ @ DecisionTree.treeclassifier ~/.julia/dev/DecisionTree/src/modal-classification/tree.jl:294
┌ LogLevel(-500):  Branch (82+80=162 samples) on condition: ⟨B̅⟩ (V20 ⫹₈₀ 0.00101302023915712), purity -0.5363091481623726
└ @ DecisionTree.treeclassifier ~/.julia/dev/DecisionTree/src/modal-classification/tree.jl:294
┌ LogLevel(-500):  Branch (39+43=82 samples) on condition: ⟨A⟩ (V3 ⫺₈₀ 0.47511522810730206), purity -0.6016426523184124
└ @ DecisionTree.treeclassifier ~/.julia/dev/DecisionTree/src/modal-classification/tree.jl:294
┌ LogLevel(-500):  Branch (21+22=43 samples) on condition: ⟨B̅⟩ (V6 ⫹₈₀ 0.048201477724726396), purity -0.41914093008009967
└ @ DecisionTree.treeclassifier ~/.julia/dev/DecisionTree/src/modal-classification/tree.jl:294
┌ LogLevel(-500):  Branch (8+13=21 samples) on condition: ⟨L̅⟩ (V2 ⫹₈₀ 0.0003252089228938433), purity -0.31141062569502204
└ @ DecisionTree.treeclassifier ~/.julia/dev/DecisionTree/src/modal-classification/tree.jl:294
┌ LogLevel(-500):  Branch (86+196=282 samples) on condition: ⟨⟩ (V32 ⫺₈₀ 2.47036134506307e-5), purity -0.6153507453128965
└ @ DecisionTree.treeclassifier ~/.julia/dev/DecisionTree/src/modal-classification/tree.jl:294
┌ LogLevel(-500):  Branch (164+32=196 samples) on condition: ⟨D̅⟩ (V29 ⫹₈₀ 4.54657110519596e-5), purity -0.6020736194988572
└ @ DecisionTree.treeclassifier ~/.julia/dev/DecisionTree/src/modal-classification/tree.jl:294
┌ LogLevel(-500):  Branch (115+49=164 samples) on condition: ⟨D̅⟩ (V21 ⫹₈₀ 0.00028934741701693777), purity -0.5407450927376974
└ @ DecisionTree.treeclassifier ~/.julia/dev/DecisionTree/src/modal-classification/tree.jl:294
┌ LogLevel(-500):  Branch (66+49=115 samples) on condition: ⟨L⟩ (V4 ⫺₈₀ 0.3501982985729144), purity -0.5877587157784392
└ @ DecisionTree.treeclassifier ~/.julia/dev/DecisionTree/src/modal-classification/tree.jl:294
┌ LogLevel(-500):  Branch (33+16=49 samples) on condition: ⟨B⟩ (V7 ⫹₈₀ 0.3389428934781648), purity -0.5029379519348888
└ @ DecisionTree.treeclassifier ~/.julia/dev/DecisionTree/src/modal-classification/tree.jl:294
┌ LogLevel(-500):  Branch (93+189=282 samples) on condition: ⟨⟩ (V38 ⫺₈₀ 3.004327731539876e-5), purity -0.6027369086936257
└ @ DecisionTree.treeclassifier ~/.julia/dev/DecisionTree/src/modal-classification/tree.jl:294
┌ LogLevel(-500):  Branch (95+94=189 samples) on condition: ⟨O⟩ (V17 ⫺₈₀ 0.10215675010946527), purity -0.5883031664734496
└ @ DecisionTree.treeclassifier ~/.julia/dev/DecisionTree/src/modal-classification/tree.jl:294
┌ LogLevel(-500):  Branch (13+81=94 samples) on condition: ⟨E̅⟩ (V29 ⫹₈₀ 1.7081911839598154), purity -0.5781663620367621
└ @ DecisionTree.treeclassifier ~/.julia/dev/DecisionTree/src/modal-classification/tree.jl:294
┌ LogLevel(-500):  Branch (45+36=81 samples) on condition: V26 ⫹₈₀ 0.16568322612831132, purity -0.5686923732131853
└ @ DecisionTree.treeclassifier ~/.julia/dev/DecisionTree/src/modal-classification/tree.jl:294
┌ LogLevel(-500):  Branch (30+6=36 samples) on condition: V35 ⫹₈₀ 0.025884028947499794, purity -0.45272731778075076
└ @ DecisionTree.treeclassifier ~/.julia/dev/DecisionTree/src/modal-classification/tree.jl:294
┌ LogLevel(-500):  Branch (93+189=282 samples) on condition: ⟨⟩ (V56 ⫺₈₀ 3.9863855552217465e-5), purity -0.6027369086936257
└ @ DecisionTree.treeclassifier ~/.julia/dev/DecisionTree/src/modal-classification/tree.jl:294
┌ LogLevel(-500):  Branch (130+59=189 samples) on condition: ⟨A̅⟩ (V18 ⫺₈₀ 0.7457443932495686), purity -0.5865643941614224
└ @ DecisionTree.treeclassifier ~/.julia/dev/DecisionTree/src/modal-classification/tree.jl:294
┌ LogLevel(-500):  Branch (48+11=59 samples) on condition: V42 ⫺₈₀ 4.73580225676478, purity -0.45749299901191237
└ @ DecisionTree.treeclassifier ~/.julia/dev/DecisionTree/src/modal-classification/tree.jl:294
┌ LogLevel(-500):  Branch (96+186=282 samples) on condition: ⟨⟩ (V18 ⫺₈₀ 1.0647069074427218e-5), purity -0.6078138506261106
└ @ DecisionTree.treeclassifier ~/.julia/dev/DecisionTree/src/modal-classification/tree.jl:294
┌ LogLevel(-500):  Branch (112+74=186 samples) on condition: ⟨B̅⟩ (V15 ⫹₈₀ 1.848253121057119e-5), purity -0.5849897097969543
└ @ DecisionTree.treeclassifier ~/.julia/dev/DecisionTree/src/modal-classification/tree.jl:294
┌ LogLevel(-500):  Branch (55+19=74 samples) on condition: ⟨O̅⟩ (V19 ⫺₈₀ 0.001446382971815166), purity -0.5051812071868136
└ @ DecisionTree.treeclassifier ~/.julia/dev/DecisionTree/src/modal-classification/tree.jl:294
┌ LogLevel(-500):  Branch (20+35=55 samples) on condition: ⟨E⟩ (V4 ⫺₈₀ 2.1952603912426e-6), purity -0.5464921420573263
└ @ DecisionTree.treeclassifier ~/.julia/dev/DecisionTree/src/modal-classification/tree.jl:294
┌ LogLevel(-500):  Branch (28+7=35 samples) on condition: ⟨E⟩ (V5 ⫹₈₀ 2.6697117501531513e-6), purity -0.4498681156950465
└ @ DecisionTree.treeclassifier ~/.julia/dev/DecisionTree/src/modal-classification/tree.jl:294
┌ LogLevel(-500):  Branch (101+181=282 samples) on condition: ⟨⟩ (V32 ⫺₈₀ 7.781613442411969e-5), purity -0.6069404466748515
└ @ DecisionTree.treeclassifier ~/.julia/dev/DecisionTree/src/modal-classification/tree.jl:294
┌ LogLevel(-500):  Branch (40+141=181 samples) on condition: V38 ⫹₈₀ 0.00016212943898189937, purity -0.5350344205538446
└ @ DecisionTree.treeclassifier ~/.julia/dev/DecisionTree/src/modal-classification/tree.jl:294
