ultimissimo (71.43) -> 77.3%

⟨⟩ (V32 ⫺₈₀ 7.781613442411969e-5)
✔ V38 ⫹₈₀ 0.00016212943898189937
│✔ YES : 109/141 (conf: 0.7730496453900709)                                       BLU
│✘ NO_CLEAN_HISTORY_AND_LOW_PROBABILITY : 31/40 (conf: 0.775)                     BLU
✘ NO_CLEAN_HISTORY_AND_LOW_PROBABILITY : 78/101 (conf: 0.7722772277227723)        BLU


60.71, seed 3 -> 79.79%

⟨⟩ (V37 ⫺₈₀ 0.023027655130685647)
✔ ⟨B⟩ (V12 ⫺₈₀ 0.5608189970253608)
│✔ ⟨L⟩ (V27 ⫺₈₀ 3.931789023007937)
││✔ YES : 11/11 (conf: 1.0)
││✘ NO_CLEAN_HISTORY_AND_LOW_PROBABILITY : 40/48 (conf: 0.8333333333333334)       BLU
│✘ YES : 91/109 (conf: 0.8348623853211009)                                        BLU
✘ NO_CLEAN_HISTORY_AND_LOW_PROBABILITY : 83/114 (conf: 0.7280701754385965)        BLU



71.43 (primo seed)   -> 80.5%

⟨⟩ (V34 ⫺₈₀ 0.005254704669981703)
✔ ⟨L̅⟩ (V1 ⫺₈₀ 0.43160994051851537)
│✔ NO_CLEAN_HISTORY_AND_LOW_PROBABILITY : 17/18 (conf: 0.9444444444444444)
│✘ ⟨B̅⟩ (V21 ⫹₈₀ 0.0072623793627431465)
│ ✔ YES : 92/113 (conf: 0.8141592920353983)                                       BLU
│ ✘ ⟨E⟩ (V21 ⫹₈₀ 7.826194578617757e-5)
│  ✔ YES : 8/8 (conf: 1.0)
│  ✘ ⟨L̅⟩ (V26 ⫹₈₀ 0.000498879197643363)
│   ✔ NO_CLEAN_HISTORY_AND_LOW_PROBABILITY : 24/26 (conf: 0.9230769230769231)
│   ✘ YES : 11/15 (conf: 0.7333333333333333)
✘ NO_CLEAN_HISTORY_AND_LOW_PROBABILITY : 75/102 (conf: 0.7352941176470589)        BLU



80.36   -> 82.62%

⟨⟩ (V48 ⫺₈₀ 0.05543164795735502)
✔ V19 ⫺₈₀ 0.5800882546885471
│✔ ⟨B⟩ (V39 ⫺₈₀ 4.281481679778438)
││✔ YES : 12/12 (conf: 1.0)
││✘ V27 ⫹₈₀ 0.4761242998381368
││ ✔ ⟨L⟩ (V41 ⫺₈₀ 0.8572583827971237)
││ │✔ NO_CLEAN_HISTORY_AND_LOW_PROBABILITY : 6/6 (conf: 1.0)
││ │✘ YES : 22/27 (conf: 0.8148148148148148)
││ ✘ NO_CLEAN_HISTORY_AND_LOW_PROBABILITY : 40/45 (conf: 0.8888888888888888)      BLU
│✘ YES : 75/87 (conf: 0.8620689655172413)                                         BLU
✘ NO_CLEAN_HISTORY_AND_LOW_PROBABILITY : 78/105 (conf: 0.7428571428571429)        BLU





penultimo (71.43) -> 81.91%

⟨⟩ (V31 ⫺₈₀ 0.0002722375727059197)
✔ ⟨D̅⟩ (V40 ⫹₈₀ 0.0001148092320970911)
│✔ YES : 95/118 (conf: 0.8050847457627118)                                        BLU
│✘ ⟨L⟩ (V26 ⫺₈₀ 0.10788278453803615)
│ ✔ NO_CLEAN_HISTORY_AND_LOW_PROBABILITY : 30/33 (conf: 0.9090909090909091)
│ ✘ ⟨D̅⟩ (V15 ⫺₈₀ 0.040974952139089194)
│  ✔ YES : 11/11 (conf: 1.0)
│  ✘ ⟨E̅⟩ (V10 ⫹₈₀ 0.00038498839720974395)
│   ✔ ⟨O̅⟩ (V32 ⫺₈₀ 0.0013383024111049263)
│   │✔ NO_CLEAN_HISTORY_AND_LOW_PROBABILITY : 3/3 (conf: 1.0)
│   │✘ YES : 7/7 (conf: 1.0)
│   ✘ NO_CLEAN_HISTORY_AND_LOW_PROBABILITY : 13/13 (conf: 1.0)
✘ NO_CLEAN_HISTORY_AND_LOW_PROBABILITY : 72/97 (conf: 0.7422680412371134)         BLU


