⟨⟩ (V36 ⫺₈₀ 0.04458811779644085)
✔ V13 ⫺₈₀ 0.601930027347899
│✔ ⟨E⟩ (V27 ⫺₈₀ 3.2825505140603335)
││✔ YES : 11/11 (conf: 1.0)
││✘ V19 ⫹₈₀ 0.586315954326753
││ ✔ ⟨L̅⟩ (V4 ⫺₈₀ 0.19782774437939943)
││ │✔ V29 ⫹₈₀ 0.04536133169947515
││ ││✔ YES : 4/4 (conf: 1.0)
││ ││✘ NO_CLEAN_HISTORY_AND_LOW_PROBABILITY : 12/15 (conf: 0.8)
││ │✘ YES : 12/12 (conf: 1.0)
││ ✘ NO_CLEAN_HISTORY_AND_LOW_PROBABILITY : 32/33 (conf: 0.9696969696969697)
│✘ YES : 82/99 (conf: 0.8282828282828283)
✘ NO_CLEAN_HISTORY_AND_LOW_PROBABILITY : 80/108 (conf: 0.7407407407407407)

⟨⟩ (V48 ⫺₈₀ 0.05543164795735502)
✔ ⟨⟩ (V18 ⫺₈₀ 0.7371941887914306)
│✔ ⟨L̅⟩ (V44 ⫺₈₀ 3.5667212283747243)
││✔ YES : 12/12 (conf: 1.0)
││✘ V58 ⫹₈₀ 0.14202118410295675
││ ✔ V44 ⫹₈₀ 0.31584392317879634
││ │✔ ⟨A̅⟩ (V13 ⫹₈₀ 0.002668534423945333)
││ ││✔ YES : 6/6 (conf: 1.0)
││ ││✘ NO_CLEAN_HISTORY_AND_LOW_PROBABILITY : 8/8 (conf: 1.0)
││ │✘ YES : 10/10 (conf: 1.0)
││ ✘ NO_CLEAN_HISTORY_AND_LOW_PROBABILITY : 41/47 (conf: 0.8723404255319149)
│✘ YES : 80/94 (conf: 0.851063829787234)
✘ NO_CLEAN_HISTORY_AND_LOW_PROBABILITY : 78/105 (conf: 0.7428571428571429)


⟨⟩ (V34 ⫺₈₀ 0.005254704669981703)
✔ ⟨L̅⟩ (V1 ⫺₈₀ 0.43160994051851537)
│✔ NO_CLEAN_HISTORY_AND_LOW_PROBABILITY : 17/18 (conf: 0.9444444444444444)
│✘ ⟨B̅⟩ (V21 ⫹₈₀ 0.0072623793627431465)
│ ✔ YES : 92/113 (conf: 0.8141592920353983)
│ ✘ ⟨E⟩ (V20 ⫹₈₀ 5.691736462074356e-5)
│  ✔ YES : 8/8 (conf: 1.0)
│  ✘ ⟨L̅⟩ (V25 ⫹₈₀ 0.0003304196132390591)
│   ✔ NO_CLEAN_HISTORY_AND_LOW_PROBABILITY : 24/26 (conf: 0.9230769230769231)
│   ✘ YES : 11/15 (conf: 0.7333333333333333)
✘ NO_CLEAN_HISTORY_AND_LOW_PROBABILITY : 75/102 (conf: 0.7352941176470589)


⟨⟩ (V54 ⫺₈₀ 0.022629931693576178)
✔ ⟨O̅⟩ (V37 ⫹₈₀ 0.022173568532659463)
│✔ YES : 45/46 (conf: 0.9782608695652174)
│✘ ⟨L⟩ (V59 ⫺₈₀ 0.5588873749559617)
│ ✔ NO_CLEAN_HISTORY_AND_LOW_PROBABILITY : 32/44 (conf: 0.7272727272727273)
│ ✘ ⟨⟩ (V12 ⫺₈₀ 0.10681836064490344)
│  ✔ YES : 54/73 (conf: 0.7397260273972602)
│  ✘ NO_CLEAN_HISTORY_AND_LOW_PROBABILITY : 7/7 (conf: 1.0)
✘ NO_CLEAN_HISTORY_AND_LOW_PROBABILITY : 82/112 (conf: 0.7321428571428571)


⟨⟩ (V18 ⫺₈₀ 5.1379744437984155e-5)
✔ V20 ⫹₈₀ 5.017063713814018e-5
│✔ YES : 94/119 (conf: 0.7899159663865546)
│✘ ⟨D⟩ (V7 ⫹₈₀ 1.4091976081894248e-5)
│ ✔ NO_CLEAN_HISTORY_AND_LOW_PROBABILITY : 29/33 (conf: 0.8787878787878788)
│ ✘ ⟨D̅⟩ (V3 ⫹₈₀ 0.0006114919464211758)
│  ✔ YES : 16/21 (conf: 0.7619047619047619)
│  ✘ NO_CLEAN_HISTORY_AND_LOW_PROBABILITY : 10/12 (conf: 0.8333333333333334)
✘ NO_CLEAN_HISTORY_AND_LOW_PROBABILITY : 72/97 (conf: 0.7422680412371134)


⟨⟩ (V31 ⫺₈₀ 0.0002722375727059197)
✔ V38 ⫹₈₀ 0.000173257513001086
│✔ YES : 88/110 (conf: 0.8)
│✘ ⟨O⟩ (V32 ⫹₈₀ 4.909905252966422e-5)
│ ✔ NO_CLEAN_HISTORY_AND_LOW_PROBABILITY : 29/31 (conf: 0.9354838709677419)
│ ✘ ⟨D̅⟩ (V24 ⫹₈₀ 0.00039240785979958906)
│  ✔ YES : 13/13 (conf: 1.0)
│  ✘ ⟨A⟩ (V40 ⫹₈₀ 1.5116753400686893e-6)
│   ✔ YES : 5/5 (conf: 1.0)
│   ✘ ⟨A⟩ (V34 ⫹₈₀ 0.0001362935811926584)
│    ✔ NO_CLEAN_HISTORY_AND_LOW_PROBABILITY : 10/10 (conf: 1.0)
│    ✘ ⟨B⟩ (V36 ⫹₈₀ 0.0004579131214097481)
│     ✔ YES : 6/6 (conf: 1.0)
│     ✘ NO_CLEAN_HISTORY_AND_LOW_PROBABILITY : 7/9 (conf: 0.7777777777777778)
✘ NO_CLEAN_HISTORY_AND_LOW_PROBABILITY : 73/98 (conf: 0.7448979591836735)


⟨⟩ (V36 ⫺₈₀ 0.04458811779644085)
✔ ⟨E̅⟩ (V25 ⫹₈₀ 0.04941126771140244)
│✔ YES : 54/60 (conf: 0.9)
│✘ V39 ⫹₈₀ 0.3649506241118163
│ ✔ V19 ⫹₈₀ 0.24826960462005293
│ │✔ YES : 49/68 (conf: 0.7205882352941176)
│ │✘ NO_CLEAN_HISTORY_AND_LOW_PROBABILITY : 18/24 (conf: 0.75)
│ ✘ NO_CLEAN_HISTORY_AND_LOW_PROBABILITY : 27/31 (conf: 0.8709677419354839)
✘ NO_CLEAN_HISTORY_AND_LOW_PROBABILITY : 71/99 (conf: 0.7171717171717171)


⟨⟩ (V37 ⫺₈₀ 1.8262714579671973e-5)
✔ ⟨A⟩ (V38 ⫺₈₀ 0.1615165529037105)
│✔ ⟨A⟩ (V4 ⫺₈₀ 0.3337768910374888)
││✔ NO_CLEAN_HISTORY_AND_LOW_PROBABILITY : 42/53 (conf: 0.7924528301886793)
││✘ ⟨D̅⟩ (V9 ⫺₈₀ 0.009843067134650722)
││ ✔ YES : 45/62 (conf: 0.7258064516129032)
││ ✘ NO_CLEAN_HISTORY_AND_LOW_PROBABILITY : 8/8 (conf: 1.0)
│✘ YES : 65/83 (conf: 0.7831325301204819)
✘ NO_CLEAN_HISTORY_AND_LOW_PROBABILITY : 56/76 (conf: 0.7368421052631579)


⟨⟩ (V54 ⫺₈₀ 0.022629931693576178)
✔ ⟨O̅⟩ (V37 ⫹₈₀ 0.054329186686891975)
│✔ YES : 64/74 (conf: 0.8648648648648649)
│✘ ⟨E⟩ (V13 ⫹₈₀ 0.7746771539124421)
│ ✔ ⟨A⟩ (V44 ⫺₈₀ 2.017744418869116)
│ │✔ YES : 7/7 (conf: 1.0)
│ │✘ NO_CLEAN_HISTORY_AND_LOW_PROBABILITY : 48/65 (conf: 0.7384615384615385)
│ ✘ YES : 23/30 (conf: 0.7666666666666667)
✘ NO_CLEAN_HISTORY_AND_LOW_PROBABILITY : 76/106 (conf: 0.7169811320754716)


⟨⟩ (V36 ⫺₈₀ 0.04458811779644085)
✔ V13 ⫺₈₀ 0.5730317074967006
│✔ ⟨B⟩ (V27 ⫺₈₀ 4.321560770567164)
││✔ YES : 13/13 (conf: 1.0)
││✘ NO_CLEAN_HISTORY_AND_LOW_PROBABILITY : 50/68 (conf: 0.7352941176470589)
│✘ YES : 82/94 (conf: 0.8723404255319149)
✘ NO_CLEAN_HISTORY_AND_LOW_PROBABILITY : 79/107 (conf: 0.7383177570093458)


⟨⟩ (V34 ⫺₈₀ 0.005254704669981703)
✔ ⟨B⟩ (V4 ⫺₈₀ 0.5229257584899949)
│✔ ⟨D̅⟩ (V20 ⫹₈₀ 0.005437994888792555)
││✔ YES : 10/10 (conf: 1.0)
││✘ ⟨O⟩ (V40 ⫹₈₀ 0.0015803632292228352)
││ ✔ YES : 7/7 (conf: 1.0)
││ ✘ NO_CLEAN_HISTORY_AND_LOW_PROBABILITY : 48/61 (conf: 0.7868852459016393)
│✘ YES : 84/104 (conf: 0.8076923076923077)
✘ NO_CLEAN_HISTORY_AND_LOW_PROBABILITY : 73/100 (conf: 0.73)

⟨⟩ (V37 ⫺₈₀ 0.023027655130685647)
✔ ⟨B⟩ (V12 ⫺₈₀ 0.5608189970253608)
│✔ ⟨B̅⟩ (V27 ⫺₈₀ 2.896073721570697)
││✔ YES : 11/11 (conf: 1.0)
││✘ NO_CLEAN_HISTORY_AND_LOW_PROBABILITY : 40/48 (conf: 0.8333333333333334)
│✘ YES : 91/109 (conf: 0.8348623853211009)
✘ NO_CLEAN_HISTORY_AND_LOW_PROBABILITY : 83/114 (conf: 0.7280701754385965)

⟨⟩ (V55 ⫺₈₀ 0.016836957217684512)
✔ ⟨B⟩ (V18 ⫺₈₀ 0.524588641535122)
│✔ V46 ⫺₈₀ 6.056837337055989
││✔ YES : 10/10 (conf: 1.0)
││✘ NO_CLEAN_HISTORY_AND_LOW_PROBABILITY : 43/56 (conf: 0.7678571428571429)
│✘ YES : 89/106 (conf: 0.839622641509434)
✘ NO_CLEAN_HISTORY_AND_LOW_PROBABILITY : 81/110 (conf: 0.7363636363636363)

⟨⟩ (V36 ⫺₈₀ 0.04692005660476795)
✔ ⟨E̅⟩ (V19 ⫹₈₀ 0.22635613842206473)
│✔ YES : 84/101 (conf: 0.8316831683168316)
│✘ V36 ⫹₈₀ 0.05078594653529455
│ ✔ YES : 7/7 (conf: 1.0)
│ ✘ ⟨E̅⟩ (V30 ⫹₈₀ 2.4118527774840257)
│  ✔ NO_CLEAN_HISTORY_AND_LOW_PROBABILITY : 42/52 (conf: 0.8076923076923077)
│  ✘ YES : 11/15 (conf: 0.7333333333333333)
✘ NO_CLEAN_HISTORY_AND_LOW_PROBABILITY : 78/107 (conf: 0.7289719626168224)

⟨⟩ (V54 ⫺₈₀ 0.04682820360494703)
✔ ⟨E̅⟩ (V27 ⫹₈₀ 0.33454016137735265)
│✔ YES : 89/110 (conf: 0.8090909090909091)
│✘ ⟨E⟩ (V44 ⫹₈₀ 1.0193466623240628)
│ ✔ NO_CLEAN_HISTORY_AND_LOW_PROBABILITY : 36/44 (conf: 0.8181818181818182)
│ ✘ YES : 14/19 (conf: 0.7368421052631579)
✘ NO_CLEAN_HISTORY_AND_LOW_PROBABILITY : 79/109 (conf: 0.7247706422018348)

⟨⟩ (V34 ⫺₈₀ 0.005254704669981703)
✔ ⟨O⟩ (V4 ⫺₈₀ 0.244649286792256)
│✔ ⟨B⟩ (V38 ⫺₈₀ 0.11167723422706935)
││✔ NO_CLEAN_HISTORY_AND_LOW_PROBABILITY : 43/52 (conf: 0.8269230769230769)
││✘ YES : 23/32 (conf: 0.71875)
│✘ YES : 82/101 (conf: 0.8118811881188119)
✘ NO_CLEAN_HISTORY_AND_LOW_PROBABILITY : 70/97 (conf: 0.7216494845360825)

⟨⟩ (V37 ⫺₈₀ 0.023027655130685647)
✔ ⟨B⟩ (V12 ⫺₈₀ 0.5608189970253608)
│✔ ⟨L̅⟩ (V26 ⫺₈₀ 2.6488370885352057)
││✔ YES : 12/13 (conf: 0.9230769230769231)
││✘ NO_CLEAN_HISTORY_AND_LOW_PROBABILITY : 36/43 (conf: 0.8372093023255814)
│✘ YES : 91/112 (conf: 0.8125)
✘ NO_CLEAN_HISTORY_AND_LOW_PROBABILITY : 83/114 (conf: 0.7280701754385965)

⟨⟩ (V54 ⫺₈₀ 0.022629931693576178)
✔ ⟨O̅⟩ (V37 ⫹₈₀ 0.05899651447278562)
│✔ YES : 66/73 (conf: 0.9041095890410958)
│✘ ⟨B̅⟩ (V43 ⫺₈₀ 0.013045397962355099)
│ ✔ ⟨E⟩ (V57 ⫹₈₀ 0.0049537991050325695)
│ │✔ ⟨A̅⟩ (V2 ⫺₈₀ 0.0986855736128506)
│ ││✔ NO_CLEAN_HISTORY_AND_LOW_PROBABILITY : 6/6 (conf: 1.0)
│ ││✘ YES : 25/35 (conf: 0.7142857142857143)
│ │✘ NO_CLEAN_HISTORY_AND_LOW_PROBABILITY : 35/42 (conf: 0.8333333333333334)
│ ✘ YES : 13/13 (conf: 1.0)
✘ NO_CLEAN_HISTORY_AND_LOW_PROBABILITY : 83/113 (conf: 0.7345132743362832)

⟨⟩ (V18 ⫺₈₀ 1.0647069074427218e-5)
✔ ⟨B⟩ (V20 ⫺₈₀ 0.06810185340152632)
│✔ ⟨A⟩ (V2 ⫺₈₀ 0.1393649102880827)
││✔ NO_CLEAN_HISTORY_AND_LOW_PROBABILITY : 30/34 (conf: 0.8823529411764706)
││✘ ⟨D̅⟩ (V5 ⫺₈₀ 0.012210832724427563)
││ ✔ YES : 12/12 (conf: 1.0)
││ ✘ NO_CLEAN_HISTORY_AND_LOW_PROBABILITY : 12/16 (conf: 0.75)
│✘ YES : 100/133 (conf: 0.7518796992481203)
✘ NO_CLEAN_HISTORY_AND_LOW_PROBABILITY : 66/87 (conf: 0.7586206896551724)

⟨⟩ (V31 ⫺₈₀ 0.0002722375727059197)
✔ ⟨D̅⟩ (V40 ⫹₈₀ 0.0001148092320970911)
│✔ YES : 95/118 (conf: 0.8050847457627118)
│✘ ⟨L⟩ (V26 ⫺₈₀ 0.10788278453803615)
│ ✔ NO_CLEAN_HISTORY_AND_LOW_PROBABILITY : 30/33 (conf: 0.9090909090909091)
│ ✘ ⟨D̅⟩ (V11 ⫺₈₀ 0.016462252809796334)
│  ✔ YES : 11/11 (conf: 1.0)
│  ✘ ⟨L̅⟩ (V25 ⫹₈₀ 6.205628283497684e-5)
│   ✔ NO_CLEAN_HISTORY_AND_LOW_PROBABILITY : 15/15 (conf: 1.0)
│   ✘ YES : 7/8 (conf: 0.875)
✘ NO_CLEAN_HISTORY_AND_LOW_PROBABILITY : 72/97 (conf: 0.7422680412371134)

⟨⟩ (V48 ⫺₈₀ 9.466492676714648e-6)
✔ ⟨E̅⟩ (V38 ⫹₈₀ 0.039430070892512374)
│✔ YES : 102/138 (conf: 0.7391304347826086)
│✘ ⟨L̅⟩ (V4 ⫹₈₀ 9.686221019438227e-9)
│ ✔ YES : 8/8 (conf: 1.0)
│ ✘ ⟨B⟩ (V45 ⫺₈₀ 3.800062241920406)
│  ✔ YES : 7/7 (conf: 1.0)
│  ✘ NO_CLEAN_HISTORY_AND_LOW_PROBABILITY : 49/65 (conf: 0.7538461538461538)
✘ NO_CLEAN_HISTORY_AND_LOW_PROBABILITY : 56/64 (conf: 0.875)

⟨⟩ (V32 ⫺₈₀ 2.47036134506307e-5)
✔ ⟨D̅⟩ (V29 ⫹₈₀ 4.54657110519596e-5)
│✔ NO_CLEAN_HISTORY_AND_LOW_PROBABILITY : 24/32 (conf: 0.75)
│✘ ⟨D̅⟩ (V21 ⫹₈₀ 0.00028934741701693777)
│ ✔ YES : 46/49 (conf: 0.9387755102040817)
│ ✘ ⟨⟩ (V4 ⫺₈₀ 0.3501982985729144)
│  ✔ ⟨A̅⟩ (V1 ⫹₈₀ 0.0006830878072898323)
│  │✔ NO_CLEAN_HISTORY_AND_LOW_PROBABILITY : 31/42 (conf: 0.7380952380952381)
│  │✘ YES : 7/7 (conf: 1.0)
│  ✘ YES : 51/66 (conf: 0.7727272727272727)
✘ NO_CLEAN_HISTORY_AND_LOW_PROBABILITY : 68/86 (conf: 0.7906976744186046)


⟨⟩ (V38 ⫺₈₀ 3.004327731539876e-5)
✔ ⟨O⟩ (V17 ⫺₈₀ 0.10215675010946527)
│✔ ⟨E̅⟩ (V29 ⫹₈₀ 1.7081911839598154)
││✔ V26 ⫹₈₀ 0.16568322612831132
│││✔ V35 ⫹₈₀ 0.025884028947499794
││││✔ NO_CLEAN_HISTORY_AND_LOW_PROBABILITY : 6/6 (conf: 1.0)
││││✘ YES : 23/30 (conf: 0.7666666666666667)
│││✘ NO_CLEAN_HISTORY_AND_LOW_PROBABILITY : 36/45 (conf: 0.8)
││✘ YES : 13/13 (conf: 1.0)
│✘ YES : 77/95 (conf: 0.8105263157894737)
✘ NO_CLEAN_HISTORY_AND_LOW_PROBABILITY : 74/93 (conf: 0.7956989247311828)

⟨⟩ (V56 ⫺₈₀ 3.9863855552217465e-5)
✔ ⟨A̅⟩ (V18 ⫺₈₀ 0.7457443932495686)
│✔ ⟨L̅⟩ (V43 ⫺₈₀ 4.273541080925283)
││✔ YES : 11/11 (conf: 1.0)
││✘ NO_CLEAN_HISTORY_AND_LOW_PROBABILITY : 36/48 (conf: 0.75)
│✘ YES : 99/130 (conf: 0.7615384615384615)
✘ NO_CLEAN_HISTORY_AND_LOW_PROBABILITY : 74/93 (conf: 0.7956989247311828)

⟨⟩ (V18 ⫺₈₀ 1.0647069074427218e-5)
✔ ⟨B̅⟩ (V15 ⫹₈₀ 1.848253121057119e-5)
│✔ ⟨O̅⟩ (V19 ⫺₈₀ 0.001446382971815166)
││✔ NO_CLEAN_HISTORY_AND_LOW_PROBABILITY : 19/19 (conf: 1.0)
││✘ ⟨E⟩ (V4 ⫺₈₀ 2.1952603912426e-6)
││ ✔ ⟨E⟩ (V5 ⫹₈₀ 2.6697117501531513e-6)
││ │✔ YES : 7/7 (conf: 1.0)
││ │✘ NO_CLEAN_HISTORY_AND_LOW_PROBABILITY : 21/28 (conf: 0.75)
││ ✘ YES : 18/20 (conf: 0.9)
│✘ YES : 88/112 (conf: 0.7857142857142857)
✘ NO_CLEAN_HISTORY_AND_LOW_PROBABILITY : 75/96 (conf: 0.78125)

⟨⟩ (V32 ⫺₈₀ 7.781613442411969e-5)
✔ V38 ⫹₈₀ 0.00016212943898189937
│✔ YES : 109/141 (conf: 0.7730496453900709)
│✘ NO_CLEAN_HISTORY_AND_LOW_PROBABILITY : 31/40 (conf: 0.775)
✘ NO_CLEAN_HISTORY_AND_LOW_PROBABILITY : 78/101 (conf: 0.7722772277227723)



133	0.7518796992481203									│✘ YES : 100/133 (conf: 0.7518796992481203)
130	0.7615384615384615									│✘ YES : 99/130 (conf: 0.7615384615384615)
117	0.7692307692307693									│ ✘ YES : 90/117 (conf: 0.7692307692307693)
141	0.7730496453900709									│✔ YES : 109/141 (conf: 0.7730496453900709)
83	0.7831325301204819									│✘ YES : 65/83 (conf: 0.7831325301204819)
112	0.7857142857142857									│✘ YES : 88/112 (conf: 0.7857142857142857)
119	0.7899159663865546									│✔ YES : 94/119 (conf: 0.7899159663865546)
110	0.8									│✔ YES : 88/110 (conf: 0.8)
106	0.8018867924528302									✘ YES : 85/106 (conf: 0.8018867924528302)
81	0.8024691358024691									│✔ YES : 65/81 (conf: 0.8024691358024691)
118	0.8050847457627118									│✔ YES : 95/118 (conf: 0.8050847457627118)
104	0.8076923076923077									│✘ YES : 84/104 (conf: 0.8076923076923077)
110	0.8090909090909091									│✔ YES : 89/110 (conf: 0.8090909090909091)
105	0.8095238095238095									│✘ YES : 85/105 (conf: 0.8095238095238095)
95	0.8105263157894737									│✘ YES : 77/95 (conf: 0.8105263157894737)
101	0.8118811881188119									│✘ YES : 82/101 (conf: 0.8118811881188119)
112	0.8125									│✘ YES : 91/112 (conf: 0.8125)
113	0.8141592920353983									│ ✔ YES : 92/113 (conf: 0.8141592920353983)
93	0.8172043010752689									│✘ YES : 76/93 (conf: 0.8172043010752689)
99	0.8282828282828283									│✘ YES : 82/99 (conf: 0.8282828282828283)
88	0.8295454545454546									✘ YES : 73/88 (conf: 0.8295454545454546)
71	0.8309859154929577									✘ YES : 59/71 (conf: 0.8309859154929577)
101	0.8316831683168316									│✔ YES : 84/101 (conf: 0.8316831683168316)
109	0.8348623853211009									│✘ YES : 91/109 (conf: 0.8348623853211009)
106	0.839622641509434									│✘ YES : 89/106 (conf: 0.839622641509434)
94	0.851063829787234									│✘ YES : 80/94 (conf: 0.851063829787234)
74	0.8648648648648649									│✔ YES : 64/74 (conf: 0.8648648648648649)
94	0.8723404255319149									│✘ YES : 82/94 (conf: 0.8723404255319149)
80	0.875									│ ✔ YES : 70/80 (conf: 0.875)
89	0.8764044943820225									│✘ YES : 78/89 (conf: 0.8764044943820225)
85	0.8823529411764706									│ ✘ YES : 75/85 (conf: 0.8823529411764706)
60	0.9									│✔ YES : 54/60 (conf: 0.9)
73	0.9041095890410958									│✔ YES : 66/73 (conf: 0.9041095890410958)
54	0.9074074074074074									││✔ YES : 49/54 (conf: 0.9074074074074074)
49	0.9387755102040817									│ ✔ YES : 46/49 (conf: 0.9387755102040817)
46	0.9782608695652174									│✔ YES : 45/46 (conf: 0.9782608695652174)


101	0.7722772277227723									✘ NO_CLEAN_HISTORY_AND_LOW_PROBABILITY : 78/101 (conf: 0.7722772277227723)
40	0.775									│✘ NO_CLEAN_HISTORY_AND_LOW_PROBABILITY : 31/40 (conf: 0.775)
9	0.7777777777777778									│     ✘ NO_CLEAN_HISTORY_AND_LOW_PROBABILITY : 7/9 (conf: 0.7777777777777778)
96	0.78125									✘ NO_CLEAN_HISTORY_AND_LOW_PROBABILITY : 75/96 (conf: 0.78125)
61	0.7868852459016393									││ ✘ NO_CLEAN_HISTORY_AND_LOW_PROBABILITY : 48/61 (conf: 0.7868852459016393)
86	0.7906976744186046									✘ NO_CLEAN_HISTORY_AND_LOW_PROBABILITY : 68/86 (conf: 0.7906976744186046)
53	0.7924528301886793									││✔ NO_CLEAN_HISTORY_AND_LOW_PROBABILITY : 42/53 (conf: 0.7924528301886793)
92	0.7934782608695652									✘ NO_CLEAN_HISTORY_AND_LOW_PROBABILITY : 73/92 (conf: 0.7934782608695652)
93	0.7956989247311828									✘ NO_CLEAN_HISTORY_AND_LOW_PROBABILITY : 74/93 (conf: 0.7956989247311828)
93	0.7956989247311828									✘ NO_CLEAN_HISTORY_AND_LOW_PROBABILITY : 74/93 (conf: 0.7956989247311828)
52	0.8269230769230769									││✔ NO_CLEAN_HISTORY_AND_LOW_PROBABILITY : 43/52 (conf: 0.8269230769230769)
48	0.8333333333333334									││✘ NO_CLEAN_HISTORY_AND_LOW_PROBABILITY : 40/48 (conf: 0.8333333333333334)
56	0.8392857142857143									│✘ NO_CLEAN_HISTORY_AND_LOW_PROBABILITY : 47/56 (conf: 0.8392857142857143)
64	0.875									✘ NO_CLEAN_HISTORY_AND_LOW_PROBABILITY : 56/64 (conf: 0.875)
42	0.9285714285714286									│✔ NO_CLEAN_HISTORY_AND_LOW_PROBABILITY : 39/42 (conf: 0.9285714285714286)
48	0.9375									│✔ NO_CLEAN_HISTORY_AND_LOW_PROBABILITY : 45/48 (conf: 0.9375)
38	0.9473684210526315									│✔ NO_CLEAN_HISTORY_AND_LOW_PROBABILITY : 36/38 (conf: 0.9473684210526315)
33	0.9696969696969697									││ ✘ NO_CLEAN_HISTORY_AND_LOW_PROBABILITY : 32/33 (conf: 0.9696969696969697)
19	1.0									││✔ NO_CLEAN_HISTORY_AND_LOW_PROBABILITY : 19/19 (conf: 1.0)
25	1.0									││✘ NO_CLEAN_HISTORY_AND_LOW_PROBABILITY : 25/25 (conf: 1.0)


(✘ NO_CLEAN_HISTORY_AND_LOW_PROBABILITY : 78/101 \(conf: 0\.7722772277227723\)|│✘ NO_CLEAN_HISTORY_AND_LOW_PROBABILITY : 31/40 \(conf: 0\.775\)|✘ NO_CLEAN_HISTORY_AND_LOW_PROBABILITY : 7/9 \(conf: 0\.7777777777777778\)|✘ NO_CLEAN_HISTORY_AND_LOW_PROBABILITY : 75/96 \(conf: 0\.78125\)|✘ NO_CLEAN_HISTORY_AND_LOW_PROBABILITY : 48/61 \(conf: 0\.7868852459016393\)|✘ NO_CLEAN_HISTORY_AND_LOW_PROBABILITY : 68/86 \(conf: 0\.7906976744186046\)|││✔ NO_CLEAN_HISTORY_AND_LOW_PROBABILITY : 42/53 \(conf: 0\.7924528301886793\)|✘ NO_CLEAN_HISTORY_AND_LOW_PROBABILITY : 73/92 \(conf: 0\.7934782608695652\)|✘ NO_CLEAN_HISTORY_AND_LOW_PROBABILITY : 74/93 \(conf: 0\.7956989247311828\)|✘ NO_CLEAN_HISTORY_AND_LOW_PROBABILITY : 74/93 \(conf: 0\.7956989247311828\)|││✔ NO_CLEAN_HISTORY_AND_LOW_PROBABILITY : 43/52 \(conf: 0\.8269230769230769\)|││✘ NO_CLEAN_HISTORY_AND_LOW_PROBABILITY : 40/48 \(conf: 0\.8333333333333334\)|│✘ NO_CLEAN_HISTORY_AND_LOW_PROBABILITY : 47/56 \(conf: 0\.8392857142857143\)|✘ NO_CLEAN_HISTORY_AND_LOW_PROBABILITY : 56/64 \(conf: 0\.875\)|│✔ NO_CLEAN_HISTORY_AND_LOW_PROBABILITY : 39/42 \(conf: 0\.9285714285714286\)|│✔ NO_CLEAN_HISTORY_AND_LOW_PROBABILITY : 45/48 \(conf: 0\.9375\)|│✔ NO_CLEAN_HISTORY_AND_LOW_PROBABILITY : 36/38 \(conf: 0\.9473684210526315\)|✘ NO_CLEAN_HISTORY_AND_LOW_PROBABILITY : 32/33 \(conf: 0\.9696969696969697\)|││✔ NO_CLEAN_HISTORY_AND_LOW_PROBABILITY : 19/19 \(conf: 1\.0\)|││✘ NO_CLEAN_HISTORY_AND_LOW_PROBABILITY : 25/25 \(conf: 1\.0\)|│✘ YES : 100/133 \(conf: 0\.7518796992481203\)|│✘ YES : 99/130 \(conf: 0\.7615384615384615\)|✘ YES : 90/117 \(conf: 0\.7692307692307693\)|│✔ YES : 109/141 \(conf: 0\.7730496453900709\)|│✘ YES : 65/83 \(conf: 0\.7831325301204819\)|│✘ YES : 88/112 \(conf: 0\.7857142857142857\)|│✔ YES : 94/119 \(conf: 0\.7899159663865546\)|│✔ YES : 88/110 \(conf: 0\.8\)|✘ YES : 85/106 \(conf: 0\.8018867924528302\)|│✔ YES : 65/81 \(conf: 0\.8024691358024691\)|│✔ YES : 95/118 \(conf: 0\.8050847457627118\)|│✘ YES : 84/104 \(conf: 0\.8076923076923077\)|│✔ YES : 89/110 \(conf: 0\.8090909090909091\)|│✘ YES : 85/105 \(conf: 0\.8095238095238095\)|│✘ YES : 77/95 \(conf: 0\.8105263157894737\)|│✘ YES : 82/101 \(conf: 0\.8118811881188119\)|│✘ YES : 91/112 \(conf: 0\.8125\)|✔ YES : 92/113 \(conf: 0\.8141592920353983\)|│✘ YES : 76/93 \(conf: 0\.8172043010752689\)|│✘ YES : 82/99 \(conf: 0\.8282828282828283\)|✘ YES : 73/88 \(conf: 0\.8295454545454546\)|✘ YES : 59/71 \(conf: 0\.8309859154929577\)|│✔ YES : 84/101 \(conf: 0\.8316831683168316\)|│✘ YES : 91/109 \(conf: 0\.8348623853211009\)|│✘ YES : 89/106 \(conf: 0\.839622641509434\)|│✘ YES : 80/94 \(conf: 0\.851063829787234\)|│✔ YES : 64/74 \(conf: 0\.8648648648648649\)|│✘ YES : 82/94 \(conf: 0\.8723404255319149\)|✔ YES : 70/80 \(conf: 0\.875\)|│✘ YES : 78/89 \(conf: 0\.8764044943820225\)|✘ YES : 75/85 \(conf: 0\.8823529411764706\)|│✔ YES : 54/60 \(conf: 0\.9\)|│✔ YES : 66/73 \(conf: 0\.9041095890410958\)|││✔ YES : 49/54 \(conf: 0\.9074074074074074\)|✔ YES : 46/49 \(conf: 0\.9387755102040817\)|│✔ YES : 45/46 \(conf: 0\.9782608695652174\))
