80.36   -> 82.62%

⟨⟩ (V48 ⫺₈₀ 0.05543164795735502)
✔ V19 ⫺₈₀ 0.5800882546885471
│✔ ⟨B⟩ (V39 ⫺₈₀ 4.281481679778438)
││✔ YES : 12/12 (conf: 1.0)
││✘ V27 ⫹₈₀ 0.4761242998381368
││ ✔ ⟨L⟩ (V41 ⫺₈₀ 0.8572583827971237)
││ │✔ NO_CLEAN_HISTORY_AND_LOW_PROBABILITY : 6/6 (conf: 1.0)
││ │✘ YES : 22/27 (conf: 0.8148148148148148)
││ ✘ NO_CLEAN_HISTORY_AND_LOW_PROBABILITY : 40/45 (conf: 0.8888888888888888)      BLU
│✘ YES : 75/87 (conf: 0.8620689655172413)                                         BLU
✘ NO_CLEAN_HISTORY_AND_LOW_PROBABILITY : 78/105 (conf: 0.7428571428571429)        BLU


⟨⟩ (V48 ⫺₈₀ 9.466492676714648e-6)
✔ ⟨E̅⟩ (V38 ⫹₈₀ 0.039430070892512374)
│✔ YES : 102/138 (conf: 0.7391304347826086)
│✘ ⟨L̅⟩ (V4 ⫹₈₀ 9.686221019438227e-9)
│ ✔ YES : 8/8 (conf: 1.0)
│ ✘ ⟨E⟩ (V45 ⫺₈₀ 4.05289404104668)
│  ✔ YES : 7/7 (conf: 1.0)
│  ✘ NO_CLEAN_HISTORY_AND_LOW_PROBABILITY : 49/65 (conf: 0.7538461538461538)
✘ NO_CLEAN_HISTORY_AND_LOW_PROBABILITY : 56/64 (conf: 0.875)




66.07, primo seed

⟨⟩ (V54 ⫺₈₀ 0.022629931693576178)
✔ ⟨O̅⟩ (V37 ⫹₈₀ 0.022173568532659463)
│✔ YES : 45/46 (conf: 0.9782608695652174)                                     BLU
│✘ ⟨L⟩ (V59 ⫺₈₀ 0.5588873749559617)
│ ✔ NO_CLEAN_HISTORY_AND_LOW_PROBABILITY : 32/44 (conf: 0.7272727272727273)
│ ✘ ⟨D̅⟩ (V2 ⫺₈₀ 0.015224983059526782)
│  ✔ NO_CLEAN_HISTORY_AND_LOW_PROBABILITY : 8/9 (conf: 0.8888888888888888)
│  ✘ YES : 53/71 (conf: 0.7464788732394366)                                     BLU
✘ NO_CLEAN_HISTORY_AND_LOW_PROBABILITY : 82/112 (conf: 0.7321428571428571)     BLU

⟨⟩ (V54 ⫺₈₀ 0.022629931693576178)
✔ ⟨O̅⟩ (V37 ⫹₈₀ 0.05899651447278562)
│✔ YES : 66/73 (conf: 0.9041095890410958)
│✘ ⟨B̅⟩ (V43 ⫺₈₀ 0.013045397962355099)
│ ✔ ⟨E⟩ (V57 ⫹₈₀ 0.0049537991050325695)
│ │✔ ⟨E̅⟩ (V25 ⫹₈₀ 0.7918717983213084)
│ ││✔ YES : 25/35 (conf: 0.7142857142857143)
│ ││✘ NO_CLEAN_HISTORY_AND_LOW_PROBABILITY : 6/6 (conf: 1.0)
│ │✘ NO_CLEAN_HISTORY_AND_LOW_PROBABILITY : 35/42 (conf: 0.8333333333333334)
│ ✘ YES : 13/13 (conf: 1.0)
✘ NO_CLEAN_HISTORY_AND_LOW_PROBABILITY : 83/113 (conf: 0.7345132743362832)



67.86 -> 78.01%

⟨⟩ (V56 ⫺₈₀ 3.9863855552217465e-5)
✔ ⟨A̅⟩ (V18 ⫺₈₀ 0.7457443932495686)
│✔ V42 ⫺₈₀ 4.73580225676478
││✔ YES : 11/11 (conf: 1.0)
││✘ NO_CLEAN_HISTORY_AND_LOW_PROBABILITY : 36/48 (conf: 0.75)
│✘ YES : 99/130 (conf: 0.7615384615384615)                                        BLU
✘ NO_CLEAN_HISTORY_AND_LOW_PROBABILITY : 74/93 (conf: 0.7956989247311828)         BLU


62.5, seed 3 -> 79.08%


⟨⟩ (V55 ⫺₈₀ 0.016836957217684512)
✔ ⟨B⟩ (V18 ⫺₈₀ 0.524588641535122)
│✔ V46 ⫺₈₀ 6.056837337055989
││✔ YES : 10/10 (conf: 1.0)
││✘ NO_CLEAN_HISTORY_AND_LOW_PROBABILITY : 43/56 (conf: 0.7678571428571429)       BLU
│✘ YES : 89/106 (conf: 0.839622641509434)                                         BLU
✘ NO_CLEAN_HISTORY_AND_LOW_PROBABILITY : 81/110 (conf: 0.7363636363636363)        BLU



⟨⟩ (V58 ⫺₈₀ 6.191568364462263e-6)
✔ ⟨L̅⟩ (V18 ⫹₈₀ 0.041599990766970345)
│✔ ⟨E⟩ (V9 ⫹₈₀ 1.5147759676470199e-5)
││✔ YES : 49/54 (conf: 0.9074074074074074)                                                  BLU
││✘ ⟨B̅⟩ (V1 ⫺₈₀ 1.1314873348326464e-6)
││ ✔ ⟨L⟩ (V3 ⫺₈₀ 0.1413195396894271)
││ │✔ NO_CLEAN_HISTORY_AND_LOW_PROBABILITY : 20/28 (conf: 0.7142857142857143)
││ │✘ YES : 65/89 (conf: 0.7303370786516854)
││ ✘ NO_CLEAN_HISTORY_AND_LOW_PROBABILITY : 14/15 (conf: 0.9333333333333333)
│✘ NO_CLEAN_HISTORY_AND_LOW_PROBABILITY : 24/26 (conf: 0.9230769230769231)
✘ NO_CLEAN_HISTORY_AND_LOW_PROBABILITY : 54/70 (conf: 0.7714285714285715)



⟨⟩ (V54 ⫺₈₀ 0.037572913260747604)
✔ ⟨L̅⟩ (V18 ⫺₈₀ 0.47962958345957524)
│✔ ⟨A̅⟩ (V44 ⫺₈₀ 3.6759800650971997)
││✔ YES : 12/12 (conf: 1.0)
││✘ ⟨D̅⟩ (V2 ⫹₈₀ 4.37297265883096e-6)
││ ✔ NO_CLEAN_HISTORY_AND_LOW_PROBABILITY : 33/34 (conf: 0.9705882352941176)
││ ✘ ⟨L⟩ (V31 ⫺₈₀ 0.6254952401581914)
││  ✔ ⟨D̅⟩ (V6 ⫺₈₀ 0.11027420938789523)
││  │✔ ⟨D⟩ (V11 ⫺₈₀ 1.8597158376541487)
││  ││✔ NO_CLEAN_HISTORY_AND_LOW_PROBABILITY : 7/8 (conf: 0.875)
││  ││✘ YES : 7/7 (conf: 1.0)
││  │✘ NO_CLEAN_HISTORY_AND_LOW_PROBABILITY : 10/10 (conf: 1.0)
││  ✘ YES : 14/14 (conf: 1.0)
│✘ YES : 77/88 (conf: 0.875)                                                  BLU
✘ NO_CLEAN_HISTORY_AND_LOW_PROBABILITY : 80/109 (conf: 0.7339449541284404)








71.43 (primo seed)   -> 80.5%

⟨⟩ (V34 ⫺₈₀ 0.005254704669981703)
✔ ⟨L̅⟩ (V1 ⫺₈₀ 0.43160994051851537)
│✔ NO_CLEAN_HISTORY_AND_LOW_PROBABILITY : 17/18 (conf: 0.9444444444444444)
│✘ ⟨B̅⟩ (V21 ⫹₈₀ 0.0072623793627431465)
│ ✔ YES : 92/113 (conf: 0.8141592920353983)                                       BLU
│ ✘ ⟨E⟩ (V21 ⫹₈₀ 7.826194578617757e-5)
│  ✔ YES : 8/8 (conf: 1.0)
│  ✘ ⟨L̅⟩ (V26 ⫹₈₀ 0.000498879197643363)
│   ✔ NO_CLEAN_HISTORY_AND_LOW_PROBABILITY : 24/26 (conf: 0.9230769230769231)
│   ✘ YES : 11/15 (conf: 0.7333333333333333)
✘ NO_CLEAN_HISTORY_AND_LOW_PROBABILITY : 75/102 (conf: 0.7352941176470589)        BLU

ultimissimo (71.43) -> 77.3%

⟨⟩ (V32 ⫺₈₀ 7.781613442411969e-5)
✔ V38 ⫹₈₀ 0.00016212943898189937
│✔ YES : 109/141 (conf: 0.7730496453900709)                                       BLU
│✘ NO_CLEAN_HISTORY_AND_LOW_PROBABILITY : 31/40 (conf: 0.775)                     BLU
✘ NO_CLEAN_HISTORY_AND_LOW_PROBABILITY : 78/101 (conf: 0.7722772277227723)        BLU


penultimo (71.43) -> 81.91%

⟨⟩ (V31 ⫺₈₀ 0.0002722375727059197)
✔ ⟨D̅⟩ (V40 ⫹₈₀ 0.0001148092320970911)
│✔ YES : 95/118 (conf: 0.8050847457627118)                                        BLU
│✘ ⟨L⟩ (V26 ⫺₈₀ 0.10788278453803615)
│ ✔ NO_CLEAN_HISTORY_AND_LOW_PROBABILITY : 30/33 (conf: 0.9090909090909091)
│ ✘ ⟨D̅⟩ (V15 ⫺₈₀ 0.040974952139089194)
│  ✔ YES : 11/11 (conf: 1.0)
│  ✘ ⟨E̅⟩ (V10 ⫹₈₀ 0.00038498839720974395)
│   ✔ ⟨O̅⟩ (V32 ⫺₈₀ 0.0013383024111049263)
│   │✔ NO_CLEAN_HISTORY_AND_LOW_PROBABILITY : 3/3 (conf: 1.0)
│   │✘ YES : 7/7 (conf: 1.0)
│   ✘ NO_CLEAN_HISTORY_AND_LOW_PROBABILITY : 13/13 (conf: 1.0)
✘ NO_CLEAN_HISTORY_AND_LOW_PROBABILITY : 72/97 (conf: 0.7422680412371134)         BLU


60.71, seed 3 -> 79.79%

⟨⟩ (V37 ⫺₈₀ 0.023027655130685647)
✔ ⟨B⟩ (V12 ⫺₈₀ 0.5608189970253608)
│✔ ⟨L⟩ (V27 ⫺₈₀ 3.931789023007937)
││✔ YES : 11/11 (conf: 1.0)
││✘ NO_CLEAN_HISTORY_AND_LOW_PROBABILITY : 40/48 (conf: 0.8333333333333334)       BLU
│✘ YES : 91/109 (conf: 0.8348623853211009)                                        BLU
✘ NO_CLEAN_HISTORY_AND_LOW_PROBABILITY : 83/114 (conf: 0.7280701754385965)        BLU



⟨⟩ (V37 ⫺₈₀ 6.061435539192513e-6)
✔ ⟨B̅⟩ (V4 ⫺₈₀ 0.16917468591347165)
│✔ ⟨B⟩ (V38 ⫹₈₀ 0.0035196600266981584)
││✔ ⟨D̅⟩ (V34 ⫺₈₀ 0.0005628731006537368)
│││✔ YES : 17/20 (conf: 0.85)
│││✘ NO_CLEAN_HISTORY_AND_LOW_PROBABILITY : 4/4 (conf: 1.0)
││✘ NO_CLEAN_HISTORY_AND_LOW_PROBABILITY : 34/37 (conf: 0.918918918918919)
│✘ V31 ⫹₈₀ 1.829215357636296e-5
│ ✔ ⟨E̅⟩ (V39 ⫹₈₀ 2.294859855751141e-6)
│ │✔ YES : 7/7 (conf: 1.0)
│ │✘ V22 ⫺₈₀ 0.00014982925026025342
│ │ ✔ NO_CLEAN_HISTORY_AND_LOW_PROBABILITY : 12/12 (conf: 1.0)
│ │ ✘ ⟨L̅⟩ (V2 ⫺₈₀ 0.03604302710117903)
│ │  ✔ YES : 7/7 (conf: 1.0)
│ │  ✘ V17 ⫺₈₀ 3.514607360903779e-5
│ │   ✔ YES : 10/14 (conf: 0.7142857142857143)
│ │   ✘ NO_CLEAN_HISTORY_AND_LOW_PROBABILITY : 15/17 (conf: 0.8823529411764706)
│ ✘ YES : 75/85 (conf: 0.8823529411764706)
✘ NO_CLEAN_HISTORY_AND_LOW_PROBABILITY : 59/79 (conf: 0.7468354430379747)




⟨⟩ (V17 ⫺₈₀ 0.0070387561297587595)
✔ ⟨D̅⟩ (V16 ⫹₈₀ 0.0002365405319022372)
│✔ NO_CLEAN_HISTORY_AND_LOW_PROBABILITY : 13/14 (conf: 0.9285714285714286)
│✘ ⟨B̅⟩ (V20 ⫹₈₀ 0.00101302023915712)
│ ✔ YES : 70/80 (conf: 0.875)
│ ✘ ⟨A⟩ (V3 ⫺₈₀ 0.47511522810730206)
│  ✔ ⟨B̅⟩ (V6 ⫹₈₀ 0.048201477724726396)
│  │✔ NO_CLEAN_HISTORY_AND_LOW_PROBABILITY : 21/22 (conf: 0.9545454545454546)
│  │✘ ⟨L̅⟩ (V2 ⫹₈₀ 0.0003252089228938433)
│  │ ✔ YES : 12/13 (conf: 0.9230769230769231)
│  │ ✘ NO_CLEAN_HISTORY_AND_LOW_PROBABILITY : 7/8 (conf: 0.875)
│  ✘ YES : 29/39 (conf: 0.7435897435897436)
✘ NO_CLEAN_HISTORY_AND_LOW_PROBABILITY : 79/106 (conf: 0.7452830188679245)
