
ultimissimo (71.43) -> 77.3%

⟨⟩ (V32 ⫺₈₀ 7.781613442411969e-5)
✔ V38 ⫹₈₀ 0.00016212943898189937
│✔ YES : 109/141 (conf: 0.7730496453900709)                                       BLU
│✘ NO_CLEAN_HISTORY_AND_LOW_PROBABILITY : 31/40 (conf: 0.775)                     BLU
✘ NO_CLEAN_HISTORY_AND_LOW_PROBABILITY : 78/101 (conf: 0.7722772277227723)        BLU


60.71, seed 3 -> 79.79%

⟨⟩ (V37 ⫺₈₀ 0.023027655130685647)
✔ ⟨B⟩ (V12 ⫺₈₀ 0.5608189970253608)
│✔ ⟨L⟩ (V27 ⫺₈₀ 3.931789023007937)
││✔ YES : 11/11 (conf: 1.0)
││✘ NO_CLEAN_HISTORY_AND_LOW_PROBABILITY : 40/48 (conf: 0.8333333333333334)       BLU
│✘ YES : 91/109 (conf: 0.8348623853211009)                                        BLU
✘ NO_CLEAN_HISTORY_AND_LOW_PROBABILITY : 83/114 (conf: 0.7280701754385965)        BLU


80.36   -> 82.62%

⟨⟩ (V48 ⫺₈₀ 0.05543164795735502)
✔ V19 ⫺₈₀ 0.5800882546885471
│✔ ⟨B⟩ (V39 ⫺₈₀ 4.281481679778438)
││✔ YES : 12/12 (conf: 1.0)
││✘ V27 ⫹₈₀ 0.4761242998381368
││ ✔ ⟨L⟩ (V41 ⫺₈₀ 0.8572583827971237)
││ │✔ NO_CLEAN_HISTORY_AND_LOW_PROBABILITY : 6/6 (conf: 1.0)
││ │✘ YES : 22/27 (conf: 0.8148148148148148)
││ ✘ NO_CLEAN_HISTORY_AND_LOW_PROBABILITY : 40/45 (conf: 0.8888888888888888)      BLU
│✘ YES : 75/87 (conf: 0.8620689655172413)                                         BLU
✘ NO_CLEAN_HISTORY_AND_LOW_PROBABILITY : 78/105 (conf: 0.7428571428571429)        BLU

