
Loading tree...
ad81fcd26440cf577b5883153fa3d0f1853b1f83e943032420e7c0f12747c2c

86 Training = 65 + 23 Taug
86 = 43pos + 43neg = 43pos + (20+23aug)neg
Training
worldTypes: DataType[DecisionTree.ModalLogic.Interval]
initConditions: [DecisionTree._startWithRelationGlob()]
{1} ⟨G⟩ (A1 ⫺₈₀ 0.012039724994541716)
✔ {1} ⟨L⟩ (A36 ⫺₈₀ 0.035354823122243875)
│✔ NO_CLEAN_HISTORY_AND_LOW_PROBABILITY : 8/8 (conf: 1.0)
│✘ YES_WITH_COUGH : 43/56 (conf: 0.7678571428571429)
✘ NO_CLEAN_HISTORY_AND_LOW_PROBABILITY : 22/22 (conf: 1.0)

22 Test
22 = 11pos + 11neg
Test tree:
Decision Tree
Leaves: 3
Tot nodes: 5
Height: 2
Modal height:  2
worldTypes: DataType[DecisionTree.ModalLogic.Interval]
initConditions: [DecisionTree._startWithRelationGlob()]
{1} ⟨G⟩ (A1 ⫺₈₀ 0.012039724994541716)
✔ {1} ⟨L⟩ (A36 ⫺₈₀ 0.035354823122243875)
│✔ NO_CLEAN_HISTORY_AND_LOW_PROBABILITY : 4/4 (conf: 1.0)
│✘ YES_WITH_COUGH : 11/11 (conf: 1.0)
✘ NO_CLEAN_HISTORY_AND_LOW_PROBABILITY : 7/7 (conf: 1.0)

((86=65+23)-23)+22 = 85
85 = 54pos + 31neg = (43+11)pos + (20+11)neg
(Training - Taug) + Test 
worldTypes: DataType[DecisionTree.ModalLogic.Interval]
initConditions: [DecisionTree._startWithRelationGlob()]
{1} ⟨G⟩ (A1 ⫺₈₀ 0.012039724994541716)
✔ {1} ⟨L⟩ (A36 ⫺₈₀ 0.035354823122243875)
│✔ NO_CLEAN_HISTORY_AND_LOW_PROBABILITY : 3/20 (conf: 0.15, lift: 0.4112903225806452, rel_conf: 0.2351233671988389, supp = 0.23529411764705882, conv: 0.7474048442906575)
│✘ YES_WITH_COUGH : 25/37 (conf: 0.6756756756756757, lift: 1.0635635635635636, rel_conf: 0.5446240337315531, supp = 0.43529411764705883, conv: 1.1245098039215686)
✘ NO_CLEAN_HISTORY_AND_LOW_PROBABILITY : 16/28 (conf: 0.5714285714285714, lift: 1.566820276497696, rel_conf: 0.6990291262135923, supp = 0.32941176470588235, conv: 1.4823529411764704)
  accuracy: 51.76% kappa: 6.79% 
 25 29	46.3%		YES_WITH_COUGH
 12 19	61.29%		NO_CLEAN_HISTORY_AND_LOW_PROBABILITY

overall_acc:	0.5176470588235295
κ =		0.06793260230008037
sensitivities:	[0.46296296296296297, 0.6129032258064516]
specificities:	[0.6129032258064516, 0.46296296296296297]
PPVs:		[0.6756756756756757, 0.3958333333333333]
NPVs:		[0.3958333333333333, 0.6756756756756757]
F1s:		[0.5494505494505495, 0.4810126582278481]
accuracies:	[0.5176470588235295, 0.5176470588235295]
mean_accuracy:	0.5176470588235295

















((2, true), 1, (wintime = 0.025, steptime = 0.01, fbtype = :mel, window_f = DSP.Windows.hamming, pre_emphasis = 0.97, nbands = 40, sumpower = false, dither = false, maxfreq = 8000.0), (ma_size = 100, ma_step = 75), Function[noise_gate!, normalize!], false)
● [ 25/08/2021 15:36:44 ] Loading dataset from file ./covid-august-v2/cache/dataset_7104d9f1d1c941f47e9ef13b08731498727e61b531cdd39dd35d50473e43d67b.jld...


Loading tree...
f1d6649dc960b07979a8cebe06a4f6b06061f64acb3b3aa880c2da62e45bb501
worldTypes: DataType[DecisionTree.ModalLogic.Interval]
initConditions: [DecisionTree._startWithRelationGlob()]
{1} ⟨G⟩ (A5 ⫺₈₀ 0.8916667044122571)
✔ YES_WITH_COUGH : 37/48 (conf: 0.7708333333333334)
✘ NO_CLEAN_HISTORY_AND_LOW_PROBABILITY : 32/38 (conf: 0.8421052631578947)

worldTypes: DataType[DecisionTree.ModalLogic.Interval]
initConditions: [DecisionTree._startWithRelationGlob()]
{1} ⟨G⟩ (A5 ⫺₈₀ 0.8916667044122571)
✔ YES_WITH_COUGH : 14/21 (conf: 0.6666666666666666, lift: 1.0617283950617282, rel_conf: 0.5423728813559322, supp = 0.2441860465116279, conv: 1.1162790697674416)
✘ NO_CLEAN_HISTORY_AND_LOW_PROBABILITY : 25/65 (conf: 0.38461538461538464, lift: 1.0336538461538463, rel_conf: 0.5133079847908746, supp = 0.7558139534883721, conv: 1.0203488372093024)
  accuracy: 45.35% kappa: 3.35% 
 14 40	25.93%		YES_WITH_COUGH
  7 25	78.12%		NO_CLEAN_HISTORY_AND_LOW_PROBABILITY

overall_acc:	0.45348837209302323
κ =		0.03347680535628882
sensitivities:	[0.25925925925925924, 0.78125]
specificities:	[0.78125, 0.25925925925925924]
PPVs:		[0.6666666666666666, 0.38461538461538464]
NPVs:		[0.38461538461538464, 0.6666666666666666]
F1s:		[0.37333333333333335, 0.5154639175257731]
accuracies:	[0.45348837209302323, 0.45348837209302323]
mean_accuracy:	0.45348837209302323


Loading tree...
c521f47f19e6a7c1bbcd2cce77461e86451e8f1b30ad3a0ecac28de995cd99d0
worldTypes: DataType[DecisionTree.ModalLogic.Interval]
initConditions: [DecisionTree._startWithRelationGlob()]
{1} ⟨G⟩ (A6 ⫺₈₀ 1.0389108803900726)
✔ YES_WITH_COUGH : 40/45 (conf: 0.8888888888888888)
✘ NO_CLEAN_HISTORY_AND_LOW_PROBABILITY : 38/41 (conf: 0.926829268292683)

worldTypes: DataType[DecisionTree.ModalLogic.Interval]
initConditions: [DecisionTree._startWithRelationGlob()]
{1} ⟨G⟩ (A6 ⫺₈₀ 1.0389108803900726)
✔ YES_WITH_COUGH : 16/24 (conf: 0.6666666666666666, lift: 1.0617283950617282, rel_conf: 0.5423728813559322, supp = 0.27906976744186046, conv: 1.1162790697674416)
✘ NO_CLEAN_HISTORY_AND_LOW_PROBABILITY : 24/62 (conf: 0.3870967741935484, lift: 1.0403225806451613, rel_conf: 0.5159235668789809, supp = 0.7209302325581395, conv: 1.0244798041615666)
  accuracy: 46.51% kappa: 3.89% 
 16 38	29.63%		YES_WITH_COUGH
  8 24	75.0%		NO_CLEAN_HISTORY_AND_LOW_PROBABILITY

overall_acc:	0.46511627906976744
κ =		0.038872691933916376
sensitivities:	[0.2962962962962963, 0.75]
specificities:	[0.75, 0.2962962962962963]
PPVs:		[0.6666666666666666, 0.3870967741935484]
NPVs:		[0.3870967741935484, 0.6666666666666666]
F1s:		[0.41025641025641024, 0.5106382978723404]
accuracies:	[0.46511627906976744, 0.46511627906976744]
mean_accuracy:	0.46511627906976744


Loading tree...
4ef0f59238c19fb138b7bfae70e969f5c4d30074dde2e6af9cd4539957aeec21
worldTypes: DataType[DecisionTree.ModalLogic.Interval]
initConditions: [DecisionTree._startWithRelationGlob()]
{1} ⟨G⟩ (A1 ⫺₈₀ 0.002721172377211722)
✔ {1} A35 ⫺₈₀ 0.48775601920877465
│✔ NO_CLEAN_HISTORY_AND_LOW_PROBABILITY : 6/6 (conf: 1.0)
│✘ YES_WITH_COUGH : 42/53 (conf: 0.7924528301886793)
✘ NO_CLEAN_HISTORY_AND_LOW_PROBABILITY : 26/27 (conf: 0.9629629629629629)

worldTypes: DataType[DecisionTree.ModalLogic.Interval]
initConditions: [DecisionTree._startWithRelationGlob()]
{1} ⟨G⟩ (A1 ⫺₈₀ 0.002721172377211722)
✔ {1} A35 ⫺₈₀ 0.48775601920877465
│✔ NO_CLEAN_HISTORY_AND_LOW_PROBABILITY : 2/16 (conf: 0.125, lift: 0.3359375, rel_conf: 0.19424460431654678, supp = 0.18604651162790697, conv: 0.717607973421927)
│✘ YES_WITH_COUGH : 27/43 (conf: 0.627906976744186, lift: 1.0, rel_conf: 0.5, supp = 0.5, conv: 1.0)
✘ NO_CLEAN_HISTORY_AND_LOW_PROBABILITY : 14/27 (conf: 0.5185185185185185, lift: 1.3935185185185184, rel_conf: 0.6450511945392492, supp = 0.313953488372093, conv: 1.3041144901610018)
  accuracy: 50.0% kappa: 0.0% 
 27 27	50.0%		YES_WITH_COUGH
 16 16	50.0%		NO_CLEAN_HISTORY_AND_LOW_PROBABILITY

overall_acc:	0.5
κ =		0.0
sensitivities:	[0.5, 0.5]
specificities:	[0.5, 0.5]
PPVs:		[0.627906976744186, 0.37209302325581395]
NPVs:		[0.37209302325581395, 0.627906976744186]
F1s:		[0.5567010309278351, 0.4266666666666667]
accuracies:	[0.5, 0.5]
mean_accuracy:	0.5


Loading tree...
d655f61138131d05dea6debb3f8405feb727447d0d978f66271b8f3bb0adbcc8
worldTypes: DataType[DecisionTree.ModalLogic.Interval]
initConditions: [DecisionTree._startWithRelationGlob()]
{1} ⟨G⟩ (A5 ⫺₈₀ 0.8916667044122571)
✔ YES_WITH_COUGH : 35/41 (conf: 0.8536585365853658)
✘ NO_CLEAN_HISTORY_AND_LOW_PROBABILITY : 37/45 (conf: 0.8222222222222222)

worldTypes: DataType[DecisionTree.ModalLogic.Interval]
initConditions: [DecisionTree._startWithRelationGlob()]
{1} ⟨G⟩ (A5 ⫺₈₀ 0.8916667044122571)
✔ YES_WITH_COUGH : 14/21 (conf: 0.6666666666666666, lift: 1.0617283950617282, rel_conf: 0.5423728813559322, supp = 0.2441860465116279, conv: 1.1162790697674416)
✘ NO_CLEAN_HISTORY_AND_LOW_PROBABILITY : 25/65 (conf: 0.38461538461538464, lift: 1.0336538461538463, rel_conf: 0.5133079847908746, supp = 0.7558139534883721, conv: 1.0203488372093024)
  accuracy: 45.35% kappa: 3.35% 
 14 40	25.93%		YES_WITH_COUGH
  7 25	78.12%		NO_CLEAN_HISTORY_AND_LOW_PROBABILITY

overall_acc:	0.45348837209302323
κ =		0.03347680535628882
sensitivities:	[0.25925925925925924, 0.78125]
specificities:	[0.78125, 0.25925925925925924]
PPVs:		[0.6666666666666666, 0.38461538461538464]
NPVs:		[0.38461538461538464, 0.6666666666666666]
F1s:		[0.37333333333333335, 0.5154639175257731]
accuracies:	[0.45348837209302323, 0.45348837209302323]
mean_accuracy:	0.45348837209302323


Loading tree...
c31eb8ef897c0ae83c203bbbaf7947fb1cfad5de9969229099bb7d0a4d94b84c
worldTypes: DataType[DecisionTree.ModalLogic.Interval]
initConditions: [DecisionTree._startWithRelationGlob()]
{1} ⟨G⟩ (A5 ⫺₈₀ 0.8038900732217368)
✔ YES_WITH_COUGH : 37/47 (conf: 0.7872340425531915)
✘ NO_CLEAN_HISTORY_AND_LOW_PROBABILITY : 33/39 (conf: 0.8461538461538461)

worldTypes: DataType[DecisionTree.ModalLogic.Interval]
initConditions: [DecisionTree._startWithRelationGlob()]
{1} ⟨G⟩ (A5 ⫺₈₀ 0.8038900732217368)
✔ YES_WITH_COUGH : 16/25 (conf: 0.64, lift: 1.0192592592592593, rel_conf: 0.5130260521042084, supp = 0.29069767441860467, conv: 1.03359173126615)
✘ NO_CLEAN_HISTORY_AND_LOW_PROBABILITY : 23/61 (conf: 0.3770491803278688, lift: 1.0133196721311475, rel_conf: 0.5052888527257933, supp = 0.7093023255813954, conv: 1.0079559363525092)
  accuracy: 45.35% kappa: 1.27% 
 16 38	29.63%		YES_WITH_COUGH
  9 23	71.88%		NO_CLEAN_HISTORY_AND_LOW_PROBABILITY

overall_acc:	0.45348837209302323
κ =		0.012701514411333567
sensitivities:	[0.2962962962962963, 0.71875]
specificities:	[0.71875, 0.2962962962962963]
PPVs:		[0.64, 0.3770491803278688]
NPVs:		[0.3770491803278688, 0.64]
F1s:		[0.4050632911392405, 0.4946236559139785]
accuracies:	[0.45348837209302323, 0.45348837209302323]
mean_accuracy:	0.45348837209302323


Loading tree...
60872a3b4e149c5cac1eeb859217451cfaef6ab13c02d3cef1c3e50d49ef25c1
worldTypes: DataType[DecisionTree.ModalLogic.Interval]
initConditions: [DecisionTree._startWithRelationGlob()]
{1} ⟨G⟩ (A6 ⫺₈₀ 0.870011640705533)
✔ YES_WITH_COUGH : 38/46 (conf: 0.8260869565217391)
✘ NO_CLEAN_HISTORY_AND_LOW_PROBABILITY : 35/40 (conf: 0.875)

worldTypes: DataType[DecisionTree.ModalLogic.Interval]
initConditions: [DecisionTree._startWithRelationGlob()]
{1} ⟨G⟩ (A6 ⫺₈₀ 0.870011640705533)
✔ YES_WITH_COUGH : 20/30 (conf: 0.6666666666666666, lift: 1.0617283950617282, rel_conf: 0.5423728813559322, supp = 0.3488372093023256, conv: 1.1162790697674416)
✘ NO_CLEAN_HISTORY_AND_LOW_PROBABILITY : 22/56 (conf: 0.39285714285714285, lift: 1.0558035714285714, rel_conf: 0.5219683655536027, supp = 0.6511627906976745, conv: 1.0341997264021887)
  accuracy: 48.84% kappa: 5.02% 
 20 34	37.04%		YES_WITH_COUGH
 10 22	68.75%		NO_CLEAN_HISTORY_AND_LOW_PROBABILITY

overall_acc:	0.4883720930232558
κ =		0.05020080321285135
sensitivities:	[0.37037037037037035, 0.6875]
specificities:	[0.6875, 0.37037037037037035]
PPVs:		[0.6666666666666666, 0.39285714285714285]
NPVs:		[0.39285714285714285, 0.6666666666666666]
F1s:		[0.47619047619047616, 0.5]
accuracies:	[0.4883720930232558, 0.4883720930232558]
mean_accuracy:	0.4883720930232558


Loading tree...
3d6af89d7c21da6daec1c85284c7bbb72a2b1ffa7d3ecb4a1daaa878e2dea536
worldTypes: DataType[DecisionTree.ModalLogic.Interval]
initConditions: [DecisionTree._startWithRelationGlob()]
{1} ⟨G⟩ (A6 ⫺₈₀ 1.026573757934434)
✔ YES_WITH_COUGH : 37/51 (conf: 0.7254901960784313)
✘ NO_CLEAN_HISTORY_AND_LOW_PROBABILITY : 29/35 (conf: 0.8285714285714286)

worldTypes: DataType[DecisionTree.ModalLogic.Interval]
initConditions: [DecisionTree._startWithRelationGlob()]
{1} ⟨G⟩ (A6 ⫺₈₀ 1.026573757934434)
✔ YES_WITH_COUGH : 16/24 (conf: 0.6666666666666666, lift: 1.0617283950617282, rel_conf: 0.5423728813559322, supp = 0.27906976744186046, conv: 1.1162790697674416)
✘ NO_CLEAN_HISTORY_AND_LOW_PROBABILITY : 24/62 (conf: 0.3870967741935484, lift: 1.0403225806451613, rel_conf: 0.5159235668789809, supp = 0.7209302325581395, conv: 1.0244798041615666)
  accuracy: 46.51% kappa: 3.89% 
 16 38	29.63%		YES_WITH_COUGH
  8 24	75.0%		NO_CLEAN_HISTORY_AND_LOW_PROBABILITY

overall_acc:	0.46511627906976744
κ =		0.038872691933916376
sensitivities:	[0.2962962962962963, 0.75]
specificities:	[0.75, 0.2962962962962963]
PPVs:		[0.6666666666666666, 0.3870967741935484]
NPVs:		[0.3870967741935484, 0.6666666666666666]
F1s:		[0.41025641025641024, 0.5106382978723404]
accuracies:	[0.46511627906976744, 0.46511627906976744]
mean_accuracy:	0.46511627906976744


Loading tree...
006adae36df611a86333904d0293e10a98ed871401c4e4882dd4f6fce557441b
worldTypes: DataType[DecisionTree.ModalLogic.Interval]
initConditions: [DecisionTree._startWithRelationGlob()]
{1} ⟨G⟩ (A6 ⫺₈₀ 1.0389108803900726)
✔ YES_WITH_COUGH : 37/47 (conf: 0.7872340425531915)
✘ NO_CLEAN_HISTORY_AND_LOW_PROBABILITY : 33/39 (conf: 0.8461538461538461)

worldTypes: DataType[DecisionTree.ModalLogic.Interval]
initConditions: [DecisionTree._startWithRelationGlob()]
{1} ⟨G⟩ (A6 ⫺₈₀ 1.0389108803900726)
✔ YES_WITH_COUGH : 16/24 (conf: 0.6666666666666666, lift: 1.0617283950617282, rel_conf: 0.5423728813559322, supp = 0.27906976744186046, conv: 1.1162790697674416)
✘ NO_CLEAN_HISTORY_AND_LOW_PROBABILITY : 24/62 (conf: 0.3870967741935484, lift: 1.0403225806451613, rel_conf: 0.5159235668789809, supp = 0.7209302325581395, conv: 1.0244798041615666)
  accuracy: 46.51% kappa: 3.89% 
 16 38	29.63%		YES_WITH_COUGH
  8 24	75.0%		NO_CLEAN_HISTORY_AND_LOW_PROBABILITY

overall_acc:	0.46511627906976744
κ =		0.038872691933916376
sensitivities:	[0.2962962962962963, 0.75]
specificities:	[0.75, 0.2962962962962963]
PPVs:		[0.6666666666666666, 0.3870967741935484]
NPVs:		[0.3870967741935484, 0.6666666666666666]
F1s:		[0.41025641025641024, 0.5106382978723404]
accuracies:	[0.46511627906976744, 0.46511627906976744]
mean_accuracy:	0.46511627906976744


Loading tree...
726fd20bb146f11bf5b592bf8a5a073fad09dee7998e099ccce12db001a02a16
worldTypes: DataType[DecisionTree.ModalLogic.Interval]
initConditions: [DecisionTree._startWithRelationGlob()]
{1} ⟨G⟩ (A6 ⫺₈₀ 1.026573757934434)
✔ YES_WITH_COUGH : 36/46 (conf: 0.782608695652174)
✘ NO_CLEAN_HISTORY_AND_LOW_PROBABILITY : 33/40 (conf: 0.825)

worldTypes: DataType[DecisionTree.ModalLogic.Interval]
initConditions: [DecisionTree._startWithRelationGlob()]
{1} ⟨G⟩ (A6 ⫺₈₀ 1.026573757934434)
✔ YES_WITH_COUGH : 16/24 (conf: 0.6666666666666666, lift: 1.0617283950617282, rel_conf: 0.5423728813559322, supp = 0.27906976744186046, conv: 1.1162790697674416)
✘ NO_CLEAN_HISTORY_AND_LOW_PROBABILITY : 24/62 (conf: 0.3870967741935484, lift: 1.0403225806451613, rel_conf: 0.5159235668789809, supp = 0.7209302325581395, conv: 1.0244798041615666)
  accuracy: 46.51% kappa: 3.89% 
 16 38	29.63%		YES_WITH_COUGH
  8 24	75.0%		NO_CLEAN_HISTORY_AND_LOW_PROBABILITY

overall_acc:	0.46511627906976744
κ =		0.038872691933916376
sensitivities:	[0.2962962962962963, 0.75]
specificities:	[0.75, 0.2962962962962963]
PPVs:		[0.6666666666666666, 0.3870967741935484]
NPVs:		[0.3870967741935484, 0.6666666666666666]
F1s:		[0.41025641025641024, 0.5106382978723404]
accuracies:	[0.46511627906976744, 0.46511627906976744]
mean_accuracy:	0.46511627906976744




((2, true), 2, (wintime = 0.025, steptime = 0.01, fbtype = :mel, window_f = DSP.Windows.hamming, pre_emphasis = 0.97, nbands = 40, sumpower = false, dither = false, maxfreq = 8000.0), (ma_size = 100, ma_step = 75), Function[noise_gate!, normalize!], false)
● [ 25/08/2021 15:37:00 ] Loading dataset from file ./covid-august-v2/cache/dataset_926c7c1e917236847f99e052f4785eae737f210094891863866bb7afe45eb732.jld...


Loading tree...
ad35bdc78212e9112ce5ddfded3ece8ba2aad2fa803f6047661caef6676e2cb3
worldTypes: DataType[DecisionTree.ModalLogic.Interval]
initConditions: [DecisionTree._startWithRelationGlob()]
{1} ⟨G⟩ (A1 ⫺₈₀ 0.012039724994541716)
✔ {1} ⟨L⟩ (A35 ⫺₈₀ 0.009804307971997203)
│✔ NO_CLEAN_HISTORY_AND_LOW_PROBABILITY : 6/6 (conf: 1.0)
│✘ YES_WITH_COUGH : 43/60 (conf: 0.7166666666666667)
✘ NO_CLEAN_HISTORY_AND_LOW_PROBABILITY : 20/20 (conf: 1.0)

worldTypes: DataType[DecisionTree.ModalLogic.Interval]
initConditions: [DecisionTree._startWithRelationGlob()]
{1} ⟨G⟩ (A1 ⫺₈₀ 0.012039724994541716)
✔ {1} ⟨L⟩ (A35 ⫺₈₀ 0.009804307971997203)
│✔ NO_CLEAN_HISTORY_AND_LOW_PROBABILITY : 4/31 (conf: 0.12903225806451613, lift: 0.35379812695109264, rel_conf: 0.20512820512820512, supp = 0.36470588235294116, conv: 0.7294117647058823)
│✘ YES_WITH_COUGH : 15/26 (conf: 0.5769230769230769, lift: 0.9081196581196581, rel_conf: 0.43909348441926344, supp = 0.3058823529411765, conv: 0.8620320855614974)
✘ NO_CLEAN_HISTORY_AND_LOW_PROBABILITY : 16/28 (conf: 0.5714285714285714, lift: 1.566820276497696, rel_conf: 0.6990291262135923, supp = 0.32941176470588235, conv: 1.4823529411764704)
  accuracy: 41.18% kappa: -6.46% 
 15 39	27.78%		YES_WITH_COUGH
 11 20	64.52%		NO_CLEAN_HISTORY_AND_LOW_PROBABILITY

overall_acc:	0.4117647058823529
κ =		-0.06462925851703406
sensitivities:	[0.2777777777777778, 0.6451612903225806]
specificities:	[0.6451612903225806, 0.2777777777777778]
PPVs:		[0.5769230769230769, 0.3389830508474576]
NPVs:		[0.3389830508474576, 0.5769230769230769]
F1s:		[0.375, 0.4444444444444444]
accuracies:	[0.4117647058823529, 0.4117647058823529]
mean_accuracy:	0.4117647058823529


Loading tree...
1921e8cf8ab0c454912d31e805a2583dfcd49aa52f9257d4b6706df70018917b
worldTypes: DataType[DecisionTree.ModalLogic.Interval]
initConditions: [DecisionTree._startWithRelationGlob()]
{1} ⟨G⟩ (A8 ⫺₈₀ 0.6881802235330295)
✔ YES_WITH_COUGH : 41/48 (conf: 0.8541666666666666)
✘ NO_CLEAN_HISTORY_AND_LOW_PROBABILITY : 36/38 (conf: 0.9473684210526315)

worldTypes: DataType[DecisionTree.ModalLogic.Interval]
initConditions: [DecisionTree._startWithRelationGlob()]
{1} ⟨G⟩ (A8 ⫺₈₀ 0.6881802235330295)
✔ YES_WITH_COUGH : 20/27 (conf: 0.7407407407407407, lift: 1.1659807956104253, rel_conf: 0.6212424849699398, supp = 0.3176470588235294, conv: 1.4067226890756301)
✘ NO_CLEAN_HISTORY_AND_LOW_PROBABILITY : 24/58 (conf: 0.41379310344827586, lift: 1.1345939933259177, rel_conf: 0.5514893617021277, supp = 0.6823529411764706, conv: 1.083737024221453)
  accuracy: 51.76% kappa: 12.19% 
 20 34	37.04%		YES_WITH_COUGH
  7 24	77.42%		NO_CLEAN_HISTORY_AND_LOW_PROBABILITY

overall_acc:	0.5176470588235295
κ =		0.1219450743260268
sensitivities:	[0.37037037037037035, 0.7741935483870968]
specificities:	[0.7741935483870968, 0.37037037037037035]
PPVs:		[0.7407407407407407, 0.41379310344827586]
NPVs:		[0.41379310344827586, 0.7407407407407407]
F1s:		[0.49382716049382713, 0.5393258426966292]
accuracies:	[0.5176470588235295, 0.5176470588235295]
mean_accuracy:	0.5176470588235295


Loading tree...
ad81fcd26440cf577b5883153fa3d0f1853b1f83e943032420e7c0f12747c2c

86 Training = 65 + 23 Taug
86 = 43pos + 43neg = 43pos + (20+23aug)neg
Training
worldTypes: DataType[DecisionTree.ModalLogic.Interval]
initConditions: [DecisionTree._startWithRelationGlob()]
{1} ⟨G⟩ (A1 ⫺₈₀ 0.012039724994541716)
✔ {1} ⟨L⟩ (A36 ⫺₈₀ 0.035354823122243875)
│✔ NO_CLEAN_HISTORY_AND_LOW_PROBABILITY : 8/8 (conf: 1.0)
│✘ YES_WITH_COUGH : 43/56 (conf: 0.7678571428571429)
✘ NO_CLEAN_HISTORY_AND_LOW_PROBABILITY : 22/22 (conf: 1.0)

22 Test
22 = 11pos + 11neg
Test tree:
Decision Tree
Leaves: 3
Tot nodes: 5
Height: 2
Modal height:  2
worldTypes: DataType[DecisionTree.ModalLogic.Interval]
initConditions: [DecisionTree._startWithRelationGlob()]
{1} ⟨G⟩ (A1 ⫺₈₀ 0.012039724994541716)
✔ {1} ⟨L⟩ (A36 ⫺₈₀ 0.035354823122243875)
│✔ NO_CLEAN_HISTORY_AND_LOW_PROBABILITY : 4/4 (conf: 1.0)
│✘ YES_WITH_COUGH : 11/11 (conf: 1.0)
✘ NO_CLEAN_HISTORY_AND_LOW_PROBABILITY : 7/7 (conf: 1.0)

((86=65+23)-23)+22 = 85
85 = 54pos + 31neg = (43+11)pos + (20+11)neg
(Training - Taug) + Test 
worldTypes: DataType[DecisionTree.ModalLogic.Interval]
initConditions: [DecisionTree._startWithRelationGlob()]
{1} ⟨G⟩ (A1 ⫺₈₀ 0.012039724994541716)
✔ {1} ⟨L⟩ (A36 ⫺₈₀ 0.035354823122243875)
│✔ NO_CLEAN_HISTORY_AND_LOW_PROBABILITY : 3/20 (conf: 0.15, lift: 0.4112903225806452, rel_conf: 0.2351233671988389, supp = 0.23529411764705882, conv: 0.7474048442906575)
│✘ YES_WITH_COUGH : 25/37 (conf: 0.6756756756756757, lift: 1.0635635635635636, rel_conf: 0.5446240337315531, supp = 0.43529411764705883, conv: 1.1245098039215686)
✘ NO_CLEAN_HISTORY_AND_LOW_PROBABILITY : 16/28 (conf: 0.5714285714285714, lift: 1.566820276497696, rel_conf: 0.6990291262135923, supp = 0.32941176470588235, conv: 1.4823529411764704)
  accuracy: 51.76% kappa: 6.79% 
 25 29	46.3%		YES_WITH_COUGH
 12 19	61.29%		NO_CLEAN_HISTORY_AND_LOW_PROBABILITY

overall_acc:	0.5176470588235295
κ =		0.06793260230008037
sensitivities:	[0.46296296296296297, 0.6129032258064516]
specificities:	[0.6129032258064516, 0.46296296296296297]
PPVs:		[0.6756756756756757, 0.3958333333333333]
NPVs:		[0.3958333333333333, 0.6756756756756757]
F1s:		[0.5494505494505495, 0.4810126582278481]
accuracies:	[0.5176470588235295, 0.5176470588235295]
mean_accuracy:	0.5176470588235295


Loading tree...
e4ec7be70c69b04071aa0dcde23f7d8f85e37bcfebb0e50c27501ad8f8fff03e
worldTypes: DataType[DecisionTree.ModalLogic.Interval]
initConditions: [DecisionTree._startWithRelationGlob()]
{1} ⟨G⟩ (A1 ⫺₈₀ 0.022906790479145213)
✔ YES_WITH_COUGH : 43/58 (conf: 0.7413793103448276)
✘ NO_CLEAN_HISTORY_AND_LOW_PROBABILITY : 28/28 (conf: 1.0)

worldTypes: DataType[DecisionTree.ModalLogic.Interval]
initConditions: [DecisionTree._startWithRelationGlob()]
{1} ⟨G⟩ (A1 ⫺₈₀ 0.022906790479145213)
✔ YES_WITH_COUGH : 36/51 (conf: 0.7058823529411765, lift: 1.1111111111111112, rel_conf: 0.5794392523364487, supp = 0.6, conv: 1.2400000000000002)
✘ NO_CLEAN_HISTORY_AND_LOW_PROBABILITY : 16/34 (conf: 0.47058823529411764, lift: 1.2903225806451613, rel_conf: 0.6075949367088608, supp = 0.4, conv: 1.2)
  accuracy: 61.18% kappa: 17.91% 
 36 18	66.67%		YES_WITH_COUGH
 15 16	51.61%		NO_CLEAN_HISTORY_AND_LOW_PROBABILITY

overall_acc:	0.611764705882353
κ =		0.17910447761194034
sensitivities:	[0.6666666666666666, 0.5161290322580645]
specificities:	[0.5161290322580645, 0.6666666666666666]
PPVs:		[0.7058823529411765, 0.47058823529411764]
NPVs:		[0.47058823529411764, 0.7058823529411765]
F1s:		[0.6857142857142857, 0.49230769230769234]
accuracies:	[0.611764705882353, 0.611764705882353]
mean_accuracy:	0.611764705882353


Loading tree...
a52f08b4473fa39c9e6731a778238d2ec4b81786078b2578c8e3e55e3a7565a0
worldTypes: DataType[DecisionTree.ModalLogic.Interval]
initConditions: [DecisionTree._startWithRelationGlob()]
{1} ⟨G⟩ (A1 ⫺₈₀ 0.012039724994541716)
✔ {1} ⟨L⟩ (A36 ⫺₈₀ 0.03516307452528034)
│✔ NO_CLEAN_HISTORY_AND_LOW_PROBABILITY : 8/8 (conf: 1.0)
│✘ YES_WITH_COUGH : 43/56 (conf: 0.7678571428571429)
✘ NO_CLEAN_HISTORY_AND_LOW_PROBABILITY : 22/22 (conf: 1.0)

worldTypes: DataType[DecisionTree.ModalLogic.Interval]
initConditions: [DecisionTree._startWithRelationGlob()]
{1} ⟨G⟩ (A1 ⫺₈₀ 0.012039724994541716)
✔ {1} ⟨L⟩ (A36 ⫺₈₀ 0.03516307452528034)
│✔ NO_CLEAN_HISTORY_AND_LOW_PROBABILITY : 4/21 (conf: 0.19047619047619047, lift: 0.522273425499232, rel_conf: 0.29071332436069985, supp = 0.24705882352941178, conv: 0.7847750865051902)
│✘ YES_WITH_COUGH : 25/36 (conf: 0.6944444444444444, lift: 1.0931069958847737, rel_conf: 0.5661066471877283, supp = 0.4235294117647059, conv: 1.1935828877005348)
✘ NO_CLEAN_HISTORY_AND_LOW_PROBABILITY : 16/28 (conf: 0.5714285714285714, lift: 1.566820276497696, rel_conf: 0.6990291262135923, supp = 0.32941176470588235, conv: 1.4823529411764704)
  accuracy: 52.94% kappa: 9.62% 
 25 29	46.3%		YES_WITH_COUGH
 11 20	64.52%		NO_CLEAN_HISTORY_AND_LOW_PROBABILITY

overall_acc:	0.5294117647058824
κ =		0.09622541201488566
sensitivities:	[0.46296296296296297, 0.6451612903225806]
specificities:	[0.6451612903225806, 0.46296296296296297]
PPVs:		[0.6944444444444444, 0.40816326530612246]
NPVs:		[0.40816326530612246, 0.6944444444444444]
F1s:		[0.5555555555555556, 0.5]
accuracies:	[0.5294117647058824, 0.5294117647058824]
mean_accuracy:	0.5294117647058824


Loading tree...
905b64dae6fe5cc5e557a71f3943a5065d779463633192b3c6bc5b28ea2d3685
worldTypes: DataType[DecisionTree.ModalLogic.Interval]
initConditions: [DecisionTree._startWithRelationGlob()]
{1} ⟨G⟩ (A8 ⫺₈₀ 0.6881802235330295)
✔ YES_WITH_COUGH : 38/45 (conf: 0.8444444444444444)
✘ NO_CLEAN_HISTORY_AND_LOW_PROBABILITY : 36/41 (conf: 0.8780487804878049)

worldTypes: DataType[DecisionTree.ModalLogic.Interval]
initConditions: [DecisionTree._startWithRelationGlob()]
{1} ⟨G⟩ (A8 ⫺₈₀ 0.6881802235330295)
✔ YES_WITH_COUGH : 20/27 (conf: 0.7407407407407407, lift: 1.1659807956104253, rel_conf: 0.6212424849699398, supp = 0.3176470588235294, conv: 1.4067226890756301)
✘ NO_CLEAN_HISTORY_AND_LOW_PROBABILITY : 24/58 (conf: 0.41379310344827586, lift: 1.1345939933259177, rel_conf: 0.5514893617021277, supp = 0.6823529411764706, conv: 1.083737024221453)
  accuracy: 51.76% kappa: 12.19% 
 20 34	37.04%		YES_WITH_COUGH
  7 24	77.42%		NO_CLEAN_HISTORY_AND_LOW_PROBABILITY

overall_acc:	0.5176470588235295
κ =		0.1219450743260268
sensitivities:	[0.37037037037037035, 0.7741935483870968]
specificities:	[0.7741935483870968, 0.37037037037037035]
PPVs:		[0.7407407407407407, 0.41379310344827586]
NPVs:		[0.41379310344827586, 0.7407407407407407]
F1s:		[0.49382716049382713, 0.5393258426966292]
accuracies:	[0.5176470588235295, 0.5176470588235295]
mean_accuracy:	0.5176470588235295


Loading tree...
c5b6ef208dce8efa1ee6eccd20bfa5e668a100fb03b995c518406ebee4472b55
worldTypes: DataType[DecisionTree.ModalLogic.Interval]
initConditions: [DecisionTree._startWithRelationGlob()]
{1} ⟨G⟩ (A1 ⫺₈₀ 0.012039724994541716)
✔ {1} ⟨L⟩ (A35 ⫺₈₀ 0.009283900065610078)
│✔ NO_CLEAN_HISTORY_AND_LOW_PROBABILITY : 6/6 (conf: 1.0)
│✘ YES_WITH_COUGH : 43/57 (conf: 0.7543859649122807)
✘ NO_CLEAN_HISTORY_AND_LOW_PROBABILITY : 23/23 (conf: 1.0)

worldTypes: DataType[DecisionTree.ModalLogic.Interval]
initConditions: [DecisionTree._startWithRelationGlob()]
{1} ⟨G⟩ (A1 ⫺₈₀ 0.012039724994541716)
✔ {1} ⟨L⟩ (A35 ⫺₈₀ 0.009283900065610078)
│✔ NO_CLEAN_HISTORY_AND_LOW_PROBABILITY : 5/32 (conf: 0.15625, lift: 0.42842741935483875, rel_conf: 0.24390243902439024, supp = 0.3764705882352941, conv: 0.7529411764705882)
│✘ YES_WITH_COUGH : 15/25 (conf: 0.6, lift: 0.9444444444444444, rel_conf: 0.46268656716417905, supp = 0.29411764705882354, conv: 0.911764705882353)
✘ NO_CLEAN_HISTORY_AND_LOW_PROBABILITY : 16/28 (conf: 0.5714285714285714, lift: 1.566820276497696, rel_conf: 0.6990291262135923, supp = 0.32941176470588235, conv: 1.4823529411764704)
  accuracy: 42.35% kappa: -3.74% 
 15 39	27.78%		YES_WITH_COUGH
 10 21	67.74%		NO_CLEAN_HISTORY_AND_LOW_PROBABILITY

overall_acc:	0.4235294117647059
κ =		-0.03735990037359897
sensitivities:	[0.2777777777777778, 0.6774193548387096]
specificities:	[0.6774193548387096, 0.2777777777777778]
PPVs:		[0.6, 0.35]
NPVs:		[0.35, 0.6]
F1s:		[0.379746835443038, 0.46153846153846156]
accuracies:	[0.4235294117647059, 0.4235294117647059]
mean_accuracy:	0.4235294117647059


Loading tree...
f54ad9ddb18b735db460bd2ed8a616fab192b0ae8759ae3c5d4627f5b7bfc369
worldTypes: DataType[DecisionTree.ModalLogic.Interval]
initConditions: [DecisionTree._startWithRelationGlob()]
{1} ⟨G⟩ (A1 ⫺₈₀ 0.012039724994541716)
✔ {1} ⟨E̅⟩ (A22 ⫺₈₀ 0.02569060554045307)
│✔ YES_WITH_COUGH : 42/52 (conf: 0.8076923076923077)
│✘ NO_CLEAN_HISTORY_AND_LOW_PROBABILITY : 8/9 (conf: 0.8888888888888888)
✘ NO_CLEAN_HISTORY_AND_LOW_PROBABILITY : 25/25 (conf: 1.0)

worldTypes: DataType[DecisionTree.ModalLogic.Interval]
initConditions: [DecisionTree._startWithRelationGlob()]
{1} ⟨G⟩ (A1 ⫺₈₀ 0.012039724994541716)
✔ {1} ⟨E̅⟩ (A22 ⫺₈₀ 0.02569060554045307)
│✔ YES_WITH_COUGH : 27/38 (conf: 0.7105263157894737, lift: 1.118421052631579, rel_conf: 0.5849056603773585, supp = 0.4470588235294118, conv: 1.2598930481283424)
│✘ NO_CLEAN_HISTORY_AND_LOW_PROBABILITY : 4/19 (conf: 0.21052631578947367, lift: 0.5772495755517827, rel_conf: 0.3171806167400881, supp = 0.2235294117647059, conv: 0.8047058823529412)
✘ NO_CLEAN_HISTORY_AND_LOW_PROBABILITY : 16/28 (conf: 0.5714285714285714, lift: 1.566820276497696, rel_conf: 0.6990291262135923, supp = 0.32941176470588235, conv: 1.4823529411764704)
  accuracy: 55.29% kappa: 13.08% 
 27 27	50.0%		YES_WITH_COUGH
 11 20	64.52%		NO_CLEAN_HISTORY_AND_LOW_PROBABILITY

overall_acc:	0.5529411764705883
κ =		0.13078579117330472
sensitivities:	[0.5, 0.6451612903225806]
specificities:	[0.6451612903225806, 0.5]
PPVs:		[0.7105263157894737, 0.425531914893617]
NPVs:		[0.425531914893617, 0.7105263157894737]
F1s:		[0.5869565217391305, 0.5128205128205128]
accuracies:	[0.5529411764705883, 0.5529411764705883]
mean_accuracy:	0.5529411764705883


Loading tree...
479895a95bfe20561029a305080219640cd1eceb4bf2765d5645a4dc996ba529
worldTypes: DataType[DecisionTree.ModalLogic.Interval]
initConditions: [DecisionTree._startWithRelationGlob()]
{1} ⟨G⟩ (A8 ⫺₈₀ 0.6881802235330295)
✔ YES_WITH_COUGH : 38/46 (conf: 0.8260869565217391)
✘ NO_CLEAN_HISTORY_AND_LOW_PROBABILITY : 35/40 (conf: 0.875)

worldTypes: DataType[DecisionTree.ModalLogic.Interval]
initConditions: [DecisionTree._startWithRelationGlob()]
{1} ⟨G⟩ (A8 ⫺₈₀ 0.6881802235330295)
✔ YES_WITH_COUGH : 20/27 (conf: 0.7407407407407407, lift: 1.1659807956104253, rel_conf: 0.6212424849699398, supp = 0.3176470588235294, conv: 1.4067226890756301)
✘ NO_CLEAN_HISTORY_AND_LOW_PROBABILITY : 24/58 (conf: 0.41379310344827586, lift: 1.1345939933259177, rel_conf: 0.5514893617021277, supp = 0.6823529411764706, conv: 1.083737024221453)
  accuracy: 51.76% kappa: 12.19% 
 20 34	37.04%		YES_WITH_COUGH
  7 24	77.42%		NO_CLEAN_HISTORY_AND_LOW_PROBABILITY

overall_acc:	0.5176470588235295
κ =		0.1219450743260268
sensitivities:	[0.37037037037037035, 0.7741935483870968]
specificities:	[0.7741935483870968, 0.37037037037037035]
PPVs:		[0.7407407407407407, 0.41379310344827586]
NPVs:		[0.41379310344827586, 0.7407407407407407]
F1s:		[0.49382716049382713, 0.5393258426966292]
accuracies:	[0.5176470588235295, 0.5176470588235295]
mean_accuracy:	0.5176470588235295


Loading tree...
9ebc93efe84536aa1e11ffc7987cf29258ffefdb7f13b9e0359c6a529f4ca227
worldTypes: DataType[DecisionTree.ModalLogic.Interval]
initConditions: [DecisionTree._startWithRelationGlob()]
{1} ⟨G⟩ (A1 ⫺₈₀ 0.012039724994541716)
✔ {1} ⟨L⟩ (A35 ⫺₈₀ 0.009804307971997203)
│✔ NO_CLEAN_HISTORY_AND_LOW_PROBABILITY : 7/8 (conf: 0.875)
│✘ YES_WITH_COUGH : 42/55 (conf: 0.7636363636363637)
✘ NO_CLEAN_HISTORY_AND_LOW_PROBABILITY : 23/23 (conf: 1.0)

worldTypes: DataType[DecisionTree.ModalLogic.Interval]
initConditions: [DecisionTree._startWithRelationGlob()]
{1} ⟨G⟩ (A1 ⫺₈₀ 0.012039724994541716)
✔ {1} ⟨L⟩ (A35 ⫺₈₀ 0.009804307971997203)
│✔ NO_CLEAN_HISTORY_AND_LOW_PROBABILITY : 4/31 (conf: 0.12903225806451613, lift: 0.35379812695109264, rel_conf: 0.20512820512820512, supp = 0.36470588235294116, conv: 0.7294117647058823)
│✘ YES_WITH_COUGH : 15/26 (conf: 0.5769230769230769, lift: 0.9081196581196581, rel_conf: 0.43909348441926344, supp = 0.3058823529411765, conv: 0.8620320855614974)
✘ NO_CLEAN_HISTORY_AND_LOW_PROBABILITY : 16/28 (conf: 0.5714285714285714, lift: 1.566820276497696, rel_conf: 0.6990291262135923, supp = 0.32941176470588235, conv: 1.4823529411764704)
  accuracy: 41.18% kappa: -6.46% 
 15 39	27.78%		YES_WITH_COUGH
 11 20	64.52%		NO_CLEAN_HISTORY_AND_LOW_PROBABILITY

overall_acc:	0.4117647058823529
κ =		-0.06462925851703406
sensitivities:	[0.2777777777777778, 0.6451612903225806]
specificities:	[0.6451612903225806, 0.2777777777777778]
PPVs:		[0.5769230769230769, 0.3389830508474576]
NPVs:		[0.3389830508474576, 0.5769230769230769]
F1s:		[0.375, 0.4444444444444444]
accuracies:	[0.4117647058823529, 0.4117647058823529]
mean_accuracy:	0.4117647058823529




((3, true), 1, (wintime = 0.025, steptime = 0.01, fbtype = :mel, window_f = DSP.Windows.hamming, pre_emphasis = 0.97, nbands = 40, sumpower = false, dither = false, maxfreq = 8000.0), (ma_size = 100, ma_step = 75), Function[noise_gate!, normalize!], false)
● [ 25/08/2021 15:37:07 ] Loading dataset from file ./covid-august-v2/cache/dataset_184588e2c0aada20049c1787dee04540dabba91c816ab88abbb9436cf946d8a3.jld...


Loading tree...
96b9e3dd5e389037f65300f4b59174d6885b6b568f8021c8d36fcf094a9f3e8d
worldTypes: DataType[DecisionTree.ModalLogic.Interval]
initConditions: [DecisionTree._startWithRelationGlob()]
{1} ⟨G⟩ (A3 ⫺₈₀ 0.27191239152826235)
✔ {1} ⟨D̅⟩ (A6 ⫺₈₀ 1.8742101866114624)
│✔ NO_CLEAN_HISTORY_AND_LOW_PROBABILITY_WITH_ASTHMA_AND_COUGH_REPORTED : 9/9 (conf: 1.0)
│✘ {1} A17 ⫹₈₀ 0.09606944362984962
│ ✔ YES_WITH_COUGH : 6/6 (conf: 1.0)
│ ✘ {1} ⟨A⟩ (A8 ⫺₈₀ 6.0259292491417815)
│  ✔ YES_WITH_COUGH : 4/4 (conf: 1.0)
│  ✘ {1} ⟨O̅⟩ (A3 ⫹₈₀ 0.5615581243484474)
│   ✔ YES_WITH_COUGH : 4/4 (conf: 1.0)
│   ✘ {1} ⟨E̅⟩ (A22 ⫹₈₀ 0.13472356224590737)
│    ✔ YES_WITH_COUGH : 3/3 (conf: 1.0)
│    ✘ {1} ⟨A⟩ (A4 ⫹₈₀ 0.12218218422064524)
│     ✔ {1} ⟨O̅⟩ (A27 ⫺₈₀ 2.8921571238687496)
│     │✔ YES_WITH_COUGH : 2/2 (conf: 1.0)
│     │✘ YES_WITH_COUGH : 22/41 (conf: 0.5365853658536586)
│     ✘ YES_WITH_COUGH : 2/2 (conf: 1.0)
✘ NO_CLEAN_HISTORY_AND_LOW_PROBABILITY_WITH_ASTHMA_AND_COUGH_REPORTED : 15/15 (conf: 1.0)

worldTypes: DataType[DecisionTree.ModalLogic.Interval]
initConditions: [DecisionTree._startWithRelationGlob()]
{1} ⟨G⟩ (A3 ⫺₈₀ 0.27191239152826235)
✔ {1} ⟨D̅⟩ (A6 ⫺₈₀ 1.8742101866114624)
│✔ NO_CLEAN_HISTORY_AND_LOW_PROBABILITY_WITH_ASTHMA_AND_COUGH_REPORTED : 3/4 (conf: 0.75, lift: 2.775, rel_conf: 0.8901098901098901, supp = 0.05405405405405406, conv: 2.918918918918919)
│✘ {1} A17 ⫹₈₀ 0.09606944362984962
│ ✔ YES_WITH_COUGH : 1/3 (conf: 0.3333333333333333, lift: 0.4567901234567901, rel_conf: 0.15624999999999997, supp = 0.04054054054054054, conv: 0.4054054054054054)
│ ✘ {1} ⟨A⟩ (A8 ⫺₈₀ 6.0259292491417815)
│  ✔ YES_WITH_COUGH : 0/0 (conf: NaN, lift: NaN, rel_conf: NaN, supp = 0.0, conv: NaN)
│  ✘ {1} ⟨O̅⟩ (A3 ⫹₈₀ 0.5615581243484474)
│   ✔ YES_WITH_COUGH : 6/6 (conf: 1.0, lift: 1.3703703703703705, rel_conf: 1.0, supp = 0.08108108108108109, conv: Inf)
│   ✘ {1} ⟨E̅⟩ (A22 ⫹₈₀ 0.13472356224590737)
│    ✔ YES_WITH_COUGH : 0/0 (conf: NaN, lift: NaN, rel_conf: NaN, supp = 0.0, conv: NaN)
│    ✘ {1} ⟨A⟩ (A4 ⫹₈₀ 0.12218218422064524)
│     ✔ {1} ⟨O̅⟩ (A27 ⫺₈₀ 2.8921571238687496)
│     │✔ YES_WITH_COUGH : 0/0 (conf: NaN, lift: NaN, rel_conf: NaN, supp = 0.0, conv: NaN)
│     │✘ YES_WITH_COUGH : 12/19 (conf: 0.631578947368421, lift: 0.8654970760233918, rel_conf: 0.3883495145631068, supp = 0.25675675675675674, conv: 0.7335907335907336)
│     ✘ YES_WITH_COUGH : 1/1 (conf: 1.0, lift: 1.3703703703703705, rel_conf: 1.0, supp = 0.013513513513513514, conv: Inf)
✘ NO_CLEAN_HISTORY_AND_LOW_PROBABILITY_WITH_ASTHMA_AND_COUGH_REPORTED : 8/41 (conf: 0.1951219512195122, lift: 0.7219512195121951, rel_conf: 0.39560439560439564, supp = 0.5540540540540541, conv: 0.9066339066339065)
  accuracy: 41.89% kappa: -5.71% 
 20 34	37.04%		YES_WITH_COUGH
  9 11	55.0%		NO_CLEAN_HISTORY_AND_LOW_PROBABILITY_WITH_ASTHMA_AND_COUGH_REPORTED

overall_acc:	0.4189189189189189
κ =		-0.05714285714285717
sensitivities:	[0.37037037037037035, 0.55]
specificities:	[0.55, 0.37037037037037035]
PPVs:		[0.6896551724137931, 0.24444444444444444]
NPVs:		[0.24444444444444444, 0.6896551724137931]
F1s:		[0.4819277108433735, 0.3384615384615385]
accuracies:	[0.4189189189189189, 0.4189189189189189]
mean_accuracy:	0.4189189189189189


Loading tree...
9c5e1bbecf74cedc8869ddcdd7553f4c09db73f90896fdd331aba851f84781f7
worldTypes: DataType[DecisionTree.ModalLogic.Interval]
initConditions: [DecisionTree._startWithRelationGlob()]
{1} ⟨G⟩ (A1 ⫺₈₀ 0.008299799342804892)
✔ {1} ⟨L⟩ (A8 ⫺₈₀ 6.082864931221768)
│✔ NO_CLEAN_HISTORY_AND_LOW_PROBABILITY_WITH_ASTHMA_AND_COUGH_REPORTED : 8/8 (conf: 1.0)
│✘ {1} A12 ⫺₈₀ 0.3776437141953552
│ ✔ {1} ⟨E̅⟩ (A31 ⫹₈₀ 0.07461111446015994)
│ │✔ YES_WITH_COUGH : 4/4 (conf: 1.0)
│ │✘ {1} A20 ⫺₈₀ 1.3076797190123823
│ │ ✔ {1} ⟨D⟩ (A4 ⫹₈₀ 0.443051057412376)
│ │ │✔ YES_WITH_COUGH : 4/5 (conf: 0.8)
│ │ │✘ {1} A9 ⫹₈₀ 0.7677510129587672
│ │ │ ✔ NO_CLEAN_HISTORY_AND_LOW_PROBABILITY_WITH_ASTHMA_AND_COUGH_REPORTED : 3/4 (conf: 0.75)
│ │ │ ✘ {1} ⟨L̅⟩ (A7 ⫹₈₀ 1.1542210725305588)
│ │ │  ✔ YES_WITH_COUGH : 10/20 (conf: 0.5)
│ │ │  ✘ YES_WITH_COUGH : 3/4 (conf: 0.75)
│ │ ✘ YES_WITH_COUGH : 13/17 (conf: 0.7647058823529411)
│ ✘ YES_WITH_COUGH : 8/8 (conf: 1.0)
✘ NO_CLEAN_HISTORY_AND_LOW_PROBABILITY_WITH_ASTHMA_AND_COUGH_REPORTED : 16/16 (conf: 1.0)

worldTypes: DataType[DecisionTree.ModalLogic.Interval]
initConditions: [DecisionTree._startWithRelationGlob()]
{1} ⟨G⟩ (A1 ⫺₈₀ 0.008299799342804892)
✔ {1} ⟨L⟩ (A8 ⫺₈₀ 6.082864931221768)
│✔ NO_CLEAN_HISTORY_AND_LOW_PROBABILITY_WITH_ASTHMA_AND_COUGH_REPORTED : 2/4 (conf: 0.5, lift: 1.8499999999999999, rel_conf: 0.7297297297297297, supp = 0.05405405405405406, conv: 1.4594594594594594)
│✘ {1} A12 ⫺₈₀ 0.3776437141953552
│ ✔ {1} ⟨E̅⟩ (A31 ⫹₈₀ 0.07461111446015994)
│ │✔ YES_WITH_COUGH : 4/5 (conf: 0.8, lift: 1.0962962962962963, rel_conf: 0.5970149253731343, supp = 0.06756756756756757, conv: 1.3513513513513518)
│ │✘ {1} A20 ⫺₈₀ 1.3076797190123823
│ │ ✔ {1} ⟨D⟩ (A4 ⫹₈₀ 0.443051057412376)
│ │ │✔ YES_WITH_COUGH : 0/0 (conf: NaN, lift: NaN, rel_conf: NaN, supp = 0.0, conv: NaN)
│ │ │✘ {1} A9 ⫹₈₀ 0.7677510129587672
│ │ │ ✔ NO_CLEAN_HISTORY_AND_LOW_PROBABILITY_WITH_ASTHMA_AND_COUGH_REPORTED : 2/6 (conf: 0.3333333333333333, lift: 1.2333333333333332, rel_conf: 0.574468085106383, supp = 0.08108108108108109, conv: 1.0945945945945945)
│ │ │ ✘ {1} ⟨L̅⟩ (A7 ⫹₈₀ 1.1542210725305588)
│ │ │  ✔ YES_WITH_COUGH : 3/4 (conf: 0.75, lift: 1.027777777777778, rel_conf: 0.5263157894736842, supp = 0.05405405405405406, conv: 1.0810810810810811)
│ │ │  ✘ YES_WITH_COUGH : 0/1 (conf: 0.0, lift: 0.0, rel_conf: 0.0, supp = 0.013513513513513514, conv: 0.2702702702702703)
│ │ ✘ YES_WITH_COUGH : 4/7 (conf: 0.5714285714285714, lift: 0.783068783068783, rel_conf: 0.3305785123966942, supp = 0.0945945945945946, conv: 0.6306306306306306)
│ ✘ YES_WITH_COUGH : 17/19 (conf: 0.8947368421052632, lift: 1.226120857699805, rel_conf: 0.7589285714285714, supp = 0.25675675675675674, conv: 2.567567567567568)
✘ NO_CLEAN_HISTORY_AND_LOW_PROBABILITY_WITH_ASTHMA_AND_COUGH_REPORTED : 8/28 (conf: 0.2857142857142857, lift: 1.057142857142857, rel_conf: 0.5192307692307693, supp = 0.3783783783783784, conv: 1.0216216216216216)
  accuracy: 54.05% kappa: 9.24% 
 28 26	51.85%		YES_WITH_COUGH
  8 12	60.0%		NO_CLEAN_HISTORY_AND_LOW_PROBABILITY_WITH_ASTHMA_AND_COUGH_REPORTED

overall_acc:	0.5405405405405406
κ =		0.09235209235209242
sensitivities:	[0.5185185185185185, 0.6]
specificities:	[0.6, 0.5185185185185185]
PPVs:		[0.7777777777777778, 0.3157894736842105]
NPVs:		[0.3157894736842105, 0.7777777777777778]
F1s:		[0.6222222222222222, 0.41379310344827586]
accuracies:	[0.5405405405405406, 0.5405405405405406]
mean_accuracy:	0.5405405405405406




((3, true), 2, (wintime = 0.025, steptime = 0.01, fbtype = :mel, window_f = DSP.Windows.hamming, pre_emphasis = 0.97, nbands = 40, sumpower = false, dither = false, maxfreq = 8000.0), (ma_size = 100, ma_step = 75), Function[noise_gate!, normalize!], false)
● [ 25/08/2021 15:37:10 ] Loading dataset from file ./covid-august-v2/cache/dataset_4646b19af50b9feb21fbf726a41bbf432dd4277b024f71f3d11c5f1e188a73d9.jld...


Loading tree...
5e99de5ba4df5ce36a002b3aa870a1786a47c9ead6abfad62fd9c8052f51ac0c
worldTypes: DataType[DecisionTree.ModalLogic.Interval]
initConditions: [DecisionTree._startWithRelationGlob()]
{1} ⟨G⟩ (A3 ⫺₈₀ 0.7254077611548021)
✔ {1} A7 ⫹₈₀ 0.5300313252319252
│✔ {1} ⟨L̅⟩ (A7 ⫹₈₀ 0.0016182329724106117)
││✔ {1} ⟨D̅⟩ (A1 ⫹₈₀ 0.07721388727472765)
│││✔ {1} A1 ⫺₈₀ 0.0002798687829473633
││││✔ {1} ⟨A⟩ (A1 ⫺₈₀ 0.11905426538390251)
│││││✔ YES_WITH_COUGH : 7/14 (conf: 0.5)
│││││✘ NO_CLEAN_HISTORY_AND_LOW_PROBABILITY_WITH_ASTHMA_AND_COUGH_REPORTED : 3/4 (conf: 0.75)
││││✘ {1} ⟨A⟩ (A18 ⫺₈₀ 0.05518975979955361)
││││ ✔ YES_WITH_COUGH : 5/5 (conf: 1.0)
││││ ✘ YES_WITH_COUGH : 5/10 (conf: 0.5)
│││✘ YES_WITH_COUGH : 4/4 (conf: 1.0)
││✘ NO_CLEAN_HISTORY_AND_LOW_PROBABILITY_WITH_ASTHMA_AND_COUGH_REPORTED : 7/7 (conf: 1.0)
│✘ YES_WITH_COUGH : 21/25 (conf: 0.84)
✘ NO_CLEAN_HISTORY_AND_LOW_PROBABILITY_WITH_ASTHMA_AND_COUGH_REPORTED : 17/17 (conf: 1.0)

worldTypes: DataType[DecisionTree.ModalLogic.Interval]
initConditions: [DecisionTree._startWithRelationGlob()]
{1} ⟨G⟩ (A3 ⫺₈₀ 0.7254077611548021)
✔ {1} A7 ⫹₈₀ 0.5300313252319252
│✔ {1} ⟨L̅⟩ (A7 ⫹₈₀ 0.0016182329724106117)
││✔ {1} ⟨D̅⟩ (A1 ⫹₈₀ 0.07721388727472765)
│││✔ {1} A1 ⫺₈₀ 0.0002798687829473633
││││✔ {1} ⟨A⟩ (A1 ⫺₈₀ 0.11905426538390251)
│││││✔ YES_WITH_COUGH : 0/0 (conf: NaN, lift: NaN, rel_conf: NaN, supp = 0.0, conv: NaN)
│││││✘ NO_CLEAN_HISTORY_AND_LOW_PROBABILITY_WITH_ASTHMA_AND_COUGH_REPORTED : 0/1 (conf: 0.0, lift: 0.0, rel_conf: 0.0, supp = 0.013513513513513514, conv: 0.7297297297297297)
││││✘ {1} ⟨A⟩ (A18 ⫺₈₀ 0.05518975979955361)
││││ ✔ YES_WITH_COUGH : 0/3 (conf: 0.0, lift: 0.0, rel_conf: 0.0, supp = 0.04054054054054054, conv: 0.2702702702702703)
││││ ✘ YES_WITH_COUGH : 0/0 (conf: NaN, lift: NaN, rel_conf: NaN, supp = 0.0, conv: NaN)
│││✘ YES_WITH_COUGH : 1/2 (conf: 0.5, lift: 0.6851851851851852, rel_conf: 0.27027027027027023, supp = 0.02702702702702703, conv: 0.5405405405405406)
││✘ NO_CLEAN_HISTORY_AND_LOW_PROBABILITY_WITH_ASTHMA_AND_COUGH_REPORTED : 2/3 (conf: 0.6666666666666666, lift: 2.4666666666666663, rel_conf: 0.84375, supp = 0.04054054054054054, conv: 2.189189189189189)
│✘ YES_WITH_COUGH : 4/9 (conf: 0.4444444444444444, lift: 0.6090534979423868, rel_conf: 0.22857142857142856, supp = 0.12162162162162163, conv: 0.4864864864864865)
✘ NO_CLEAN_HISTORY_AND_LOW_PROBABILITY_WITH_ASTHMA_AND_COUGH_REPORTED : 9/56 (conf: 0.16071428571428573, lift: 0.5946428571428571, rel_conf: 0.34081346423562414, supp = 0.7567567567567568, conv: 0.8694652098907417)
  accuracy: 21.62% kappa: -21.93% 
  5 49	9.26%		YES_WITH_COUGH
  9 11	55.0%		NO_CLEAN_HISTORY_AND_LOW_PROBABILITY_WITH_ASTHMA_AND_COUGH_REPORTED

overall_acc:	0.21621621621621623
κ =		-0.21931818181818177
sensitivities:	[0.09259259259259259, 0.55]
specificities:	[0.55, 0.09259259259259259]
PPVs:		[0.35714285714285715, 0.18333333333333332]
NPVs:		[0.18333333333333332, 0.35714285714285715]
F1s:		[0.14705882352941177, 0.275]
accuracies:	[0.21621621621621623, 0.21621621621621623]
mean_accuracy:	0.21621621621621623


Loading tree...
fe3a51880fbfe7ee9b953196cfeb0af98f5d4aed70d14ec141b25ec4bde634ba
worldTypes: DataType[DecisionTree.ModalLogic.Interval]
initConditions: [DecisionTree._startWithRelationGlob()]
{1} ⟨G⟩ (A3 ⫺₈₀ 0.7441902309311488)
✔ {1} A24 ⫹₈₀ 0.011178503597226835
│✔ YES_WITH_COUGH : 10/10 (conf: 1.0)
│✘ {1} ⟨E̅⟩ (A2 ⫹₈₀ 0.12485780640541563)
│ ✔ YES_WITH_COUGH : 19/25 (conf: 0.76)
│ ✘ {1} A7 ⫹₈₀ 0.38297435794043055
│  ✔ NO_CLEAN_HISTORY_AND_LOW_PROBABILITY_WITH_ASTHMA_AND_COUGH_REPORTED : 3/3 (conf: 1.0)
│  ✘ {1} A3 ⫺₈₀ 1.9035328440517738
│   ✔ YES_WITH_COUGH : 12/24 (conf: 0.5)
│   ✘ YES_WITH_COUGH : 2/2 (conf: 1.0)
✘ NO_CLEAN_HISTORY_AND_LOW_PROBABILITY_WITH_ASTHMA_AND_COUGH_REPORTED : 22/22 (conf: 1.0)

worldTypes: DataType[DecisionTree.ModalLogic.Interval]
initConditions: [DecisionTree._startWithRelationGlob()]
{1} ⟨G⟩ (A3 ⫺₈₀ 0.7441902309311488)
✔ {1} A24 ⫹₈₀ 0.011178503597226835
│✔ YES_WITH_COUGH : 2/3 (conf: 0.6666666666666666, lift: 0.9135802469135802, rel_conf: 0.42553191489361697, supp = 0.04054054054054054, conv: 0.8108108108108107)
│✘ {1} ⟨E̅⟩ (A2 ⫹₈₀ 0.12485780640541563)
│ ✔ YES_WITH_COUGH : 1/6 (conf: 0.16666666666666666, lift: 0.22839506172839505, rel_conf: 0.06896551724137931, supp = 0.08108108108108109, conv: 0.32432432432432434)
│ ✘ {1} A7 ⫹₈₀ 0.38297435794043055
│  ✔ NO_CLEAN_HISTORY_AND_LOW_PROBABILITY_WITH_ASTHMA_AND_COUGH_REPORTED : 2/3 (conf: 0.6666666666666666, lift: 2.4666666666666663, rel_conf: 0.84375, supp = 0.04054054054054054, conv: 2.189189189189189)
│  ✘ {1} A3 ⫺₈₀ 1.9035328440517738
│   ✔ YES_WITH_COUGH : 0/2 (conf: 0.0, lift: 0.0, rel_conf: 0.0, supp = 0.02702702702702703, conv: 0.2702702702702703)
│   ✘ YES_WITH_COUGH : 2/3 (conf: 0.6666666666666666, lift: 0.9135802469135802, rel_conf: 0.42553191489361697, supp = 0.04054054054054054, conv: 0.8108108108108107)
✘ NO_CLEAN_HISTORY_AND_LOW_PROBABILITY_WITH_ASTHMA_AND_COUGH_REPORTED : 9/57 (conf: 0.15789473684210525, lift: 0.5842105263157894, rel_conf: 0.3360995850622407, supp = 0.7702702702702703, conv: 0.8665540540540541)
  accuracy: 21.62% kappa: -21.93% 
  5 49	9.26%		YES_WITH_COUGH
  9 11	55.0%		NO_CLEAN_HISTORY_AND_LOW_PROBABILITY_WITH_ASTHMA_AND_COUGH_REPORTED

overall_acc:	0.21621621621621623
κ =		-0.21931818181818177
sensitivities:	[0.09259259259259259, 0.55]
specificities:	[0.55, 0.09259259259259259]
PPVs:		[0.35714285714285715, 0.18333333333333332]
NPVs:		[0.18333333333333332, 0.35714285714285715]
F1s:		[0.14705882352941177, 0.275]
accuracies:	[0.21621621621621623, 0.21621621621621623]
mean_accuracy:	0.21621621621621623


Loading tree...
2ee113048b00da5aeedd2e78af4d77c3de4a0f9fc1402239d6f8255f8b0579ca
worldTypes: DataType[DecisionTree.ModalLogic.Interval]
initConditions: [DecisionTree._startWithRelationGlob()]
{1} ⟨G⟩ (A3 ⫺₈₀ 0.7254077611548021)
✔ {1} ⟨D̅⟩ (A28 ⫺₈₀ 0.05189794444897897)
│✔ {1} A1 ⫺₈₀ 0.02929313319310797
││✔ NO_CLEAN_HISTORY_AND_LOW_PROBABILITY_WITH_ASTHMA_AND_COUGH_REPORTED : 6/6 (conf: 1.0)
││✘ {1} A32 ⫺₈₀ 0.01008857963479106
││ ✔ YES_WITH_COUGH : 4/4 (conf: 1.0)
││ ✘ {1} A30 ⫺₈₀ 0.4559789189908482
││  ✔ NO_CLEAN_HISTORY_AND_LOW_PROBABILITY_WITH_ASTHMA_AND_COUGH_REPORTED : 2/2 (conf: 1.0)
││  ✘ {1} ⟨B⟩ (A1 ⫹₈₀ 0.0021459920688075814)
││   ✔ YES_WITH_COUGH : 12/24 (conf: 0.5)
││   ✘ YES_WITH_COUGH : 2/2 (conf: 1.0)
│✘ YES_WITH_COUGH : 25/31 (conf: 0.8064516129032258)
✘ NO_CLEAN_HISTORY_AND_LOW_PROBABILITY_WITH_ASTHMA_AND_COUGH_REPORTED : 17/17 (conf: 1.0)

worldTypes: DataType[DecisionTree.ModalLogic.Interval]
initConditions: [DecisionTree._startWithRelationGlob()]
{1} ⟨G⟩ (A3 ⫺₈₀ 0.7254077611548021)
✔ {1} ⟨D̅⟩ (A28 ⫺₈₀ 0.05189794444897897)
│✔ {1} A1 ⫺₈₀ 0.02929313319310797
││✔ NO_CLEAN_HISTORY_AND_LOW_PROBABILITY_WITH_ASTHMA_AND_COUGH_REPORTED : 2/2 (conf: 1.0, lift: 3.6999999999999997, rel_conf: 1.0, supp = 0.02702702702702703, conv: Inf)
││✘ {1} A32 ⫺₈₀ 0.01008857963479106
││ ✔ YES_WITH_COUGH : 3/3 (conf: 1.0, lift: 1.3703703703703705, rel_conf: 1.0, supp = 0.04054054054054054, conv: Inf)
││ ✘ {1} A30 ⫺₈₀ 0.4559789189908482
││  ✔ NO_CLEAN_HISTORY_AND_LOW_PROBABILITY_WITH_ASTHMA_AND_COUGH_REPORTED : 0/0 (conf: NaN, lift: NaN, rel_conf: NaN, supp = 0.0, conv: NaN)
││  ✘ {1} ⟨B⟩ (A1 ⫹₈₀ 0.0021459920688075814)
││   ✔ YES_WITH_COUGH : 0/3 (conf: 0.0, lift: 0.0, rel_conf: 0.0, supp = 0.04054054054054054, conv: 0.2702702702702703)
││   ✘ YES_WITH_COUGH : 0/0 (conf: NaN, lift: NaN, rel_conf: NaN, supp = 0.0, conv: NaN)
│✘ YES_WITH_COUGH : 4/10 (conf: 0.4, lift: 0.5481481481481482, rel_conf: 0.19801980198019803, supp = 0.13513513513513514, conv: 0.4504504504504505)
✘ NO_CLEAN_HISTORY_AND_LOW_PROBABILITY_WITH_ASTHMA_AND_COUGH_REPORTED : 9/56 (conf: 0.16071428571428573, lift: 0.5946428571428571, rel_conf: 0.34081346423562414, supp = 0.7567567567567568, conv: 0.8694652098907417)
  accuracy: 24.32% kappa: -20.05% 
  7 47	12.96%		YES_WITH_COUGH
  9 11	55.0%		NO_CLEAN_HISTORY_AND_LOW_PROBABILITY_WITH_ASTHMA_AND_COUGH_REPORTED

overall_acc:	0.24324324324324326
κ =		-0.2004634994206257
sensitivities:	[0.12962962962962962, 0.55]
specificities:	[0.55, 0.12962962962962962]
PPVs:		[0.4375, 0.1896551724137931]
NPVs:		[0.1896551724137931, 0.4375]
F1s:		[0.2, 0.28205128205128205]
accuracies:	[0.24324324324324326, 0.24324324324324326]
mean_accuracy:	0.24324324324324326


Loading tree...
18a0a6b44d3d2745244b44c14b4b47072b3aaf78bc70bc92dec69e1f8dbf1756
worldTypes: DataType[DecisionTree.ModalLogic.Interval]
initConditions: [DecisionTree._startWithRelationGlob()]
{1} ⟨G⟩ (A3 ⫺₈₀ 0.7254077611548021)
✔ {1} ⟨D̅⟩ (A28 ⫺₈₀ 0.05189794444897897)
│✔ {1} A1 ⫺₈₀ 0.02929313319310797
││✔ NO_CLEAN_HISTORY_AND_LOW_PROBABILITY_WITH_ASTHMA_AND_COUGH_REPORTED : 6/6 (conf: 1.0)
││✘ {1} A32 ⫺₈₀ 0.01008857963479106
││ ✔ YES_WITH_COUGH : 4/4 (conf: 1.0)
││ ✘ {1} A14 ⫹₈₀ 0.22472252924343955
││  ✔ NO_CLEAN_HISTORY_AND_LOW_PROBABILITY_WITH_ASTHMA_AND_COUGH_REPORTED : 3/4 (conf: 0.75)
││  ✘ {1} ⟨A⟩ (A5 ⫹₈₀ 0.0025620603627022993)
││   ✔ YES_WITH_COUGH : 10/20 (conf: 0.5)
││   ✘ YES_WITH_COUGH : 3/4 (conf: 0.75)
│✘ YES_WITH_COUGH : 25/31 (conf: 0.8064516129032258)
✘ NO_CLEAN_HISTORY_AND_LOW_PROBABILITY_WITH_ASTHMA_AND_COUGH_REPORTED : 17/17 (conf: 1.0)

worldTypes: DataType[DecisionTree.ModalLogic.Interval]
initConditions: [DecisionTree._startWithRelationGlob()]
{1} ⟨G⟩ (A3 ⫺₈₀ 0.7254077611548021)
✔ {1} ⟨D̅⟩ (A28 ⫺₈₀ 0.05189794444897897)
│✔ {1} A1 ⫺₈₀ 0.02929313319310797
││✔ NO_CLEAN_HISTORY_AND_LOW_PROBABILITY_WITH_ASTHMA_AND_COUGH_REPORTED : 2/2 (conf: 1.0, lift: 3.6999999999999997, rel_conf: 1.0, supp = 0.02702702702702703, conv: Inf)
││✘ {1} A32 ⫺₈₀ 0.01008857963479106
││ ✔ YES_WITH_COUGH : 3/3 (conf: 1.0, lift: 1.3703703703703705, rel_conf: 1.0, supp = 0.04054054054054054, conv: Inf)
││ ✘ {1} A14 ⫹₈₀ 0.22472252924343955
││  ✔ NO_CLEAN_HISTORY_AND_LOW_PROBABILITY_WITH_ASTHMA_AND_COUGH_REPORTED : 1/1 (conf: 1.0, lift: 3.6999999999999997, rel_conf: 1.0, supp = 0.013513513513513514, conv: Inf)
││  ✘ {1} ⟨A⟩ (A5 ⫹₈₀ 0.0025620603627022993)
││   ✔ YES_WITH_COUGH : 0/1 (conf: 0.0, lift: 0.0, rel_conf: 0.0, supp = 0.013513513513513514, conv: 0.2702702702702703)
││   ✘ YES_WITH_COUGH : 0/1 (conf: 0.0, lift: 0.0, rel_conf: 0.0, supp = 0.013513513513513514, conv: 0.2702702702702703)
│✘ YES_WITH_COUGH : 4/10 (conf: 0.4, lift: 0.5481481481481482, rel_conf: 0.19801980198019803, supp = 0.13513513513513514, conv: 0.4504504504504505)
✘ NO_CLEAN_HISTORY_AND_LOW_PROBABILITY_WITH_ASTHMA_AND_COUGH_REPORTED : 9/56 (conf: 0.16071428571428573, lift: 0.5946428571428571, rel_conf: 0.34081346423562414, supp = 0.7567567567567568, conv: 0.8694652098907417)
  accuracy: 25.68% kappa: -16.75% 
  7 47	12.96%		YES_WITH_COUGH
  8 12	60.0%		NO_CLEAN_HISTORY_AND_LOW_PROBABILITY_WITH_ASTHMA_AND_COUGH_REPORTED

overall_acc:	0.25675675675675674
κ =		-0.16752725186460127
sensitivities:	[0.12962962962962962, 0.6]
specificities:	[0.6, 0.12962962962962962]
PPVs:		[0.4666666666666667, 0.2033898305084746]
NPVs:		[0.2033898305084746, 0.4666666666666667]
F1s:		[0.2028985507246377, 0.3037974683544304]
accuracies:	[0.25675675675675674, 0.25675675675675674]
mean_accuracy:	0.25675675675675674
